-------------------------------------------------------------------------------
Test set: com.example.user.management.selenium.welcome.HelloIT
-------------------------------------------------------------------------------
Tests run: 1, Failures: 0, Errors: 1, Skipped: 0, Time elapsed: 49.055 sec <<< FAILURE! - in com.example.user.management.selenium.welcome.HelloIT
testHelloWorld(com.example.user.management.selenium.welcome.HelloIT)  Time elapsed: 0 sec  <<< ERROR!
org.springframework.beans.factory.UnsatisfiedDependencyException: 
Error creating bean with name 'com.example.user.management.selenium.welcome.HelloIT': Unsatisfied dependency expressed through field 'webDriver'; nested exception is org.springframework.beans.factory.BeanCreationException: Error creating bean with name 'webDriver' defined in class path resource [META-INF/spring/seleniumContext.xml]: Instantiation of bean failed; nested exception is org.springframework.beans.BeanInstantiationException: Failed to instantiate [org.openqa.selenium.firefox.FirefoxDriver]: Constructor threw exception; nested exception is org.openqa.selenium.WebDriverException: Failed to connect to binary FirefoxBinary(C:\Program Files\Mozilla Firefox\firefox.exe) on port 7055; process output follows: 
earch@mozilla.com version 0.9.7
1532716366140	addons.xpi	DEBUG	Registering manifest for C:\Program Files\Mozilla Firefox\browser\features\formautofill@mozilla.org.xpi
1532716366140	addons.xpi	DEBUG	Calling bootstrap method startup on formautofill@mozilla.org version 1.0
1532716366141	addons.xpi	DEBUG	Registering manifest for C:\Program Files\Mozilla Firefox\browser\features\onboarding@mozilla.org.xpi
1532716366141	addons.xpi	DEBUG	Calling bootstrap method startup on onboarding@mozilla.org version 1.0
1532716366141	addons.xpi	DEBUG	Registering manifest for C:\Program Files\Mozilla Firefox\browser\features\screenshots@mozilla.org.xpi
1532716366142	addons.xpi	DEBUG	Calling bootstrap method startup on screenshots@mozilla.org version 32.1.0
1532716366142	addons.xpi	DEBUG	Registering manifest for C:\Program Files\Mozilla Firefox\browser\features\webcompat-reporter@mozilla.org.xpi
1532716366142	addons.xpi	DEBUG	Calling bootstrap method startup on webcompat-reporter@mozilla.org version 1.0.0
1532716366142	addons.xpi	DEBUG	Registering manifest for C:\Program Files\Mozilla Firefox\browser\features\webcompat@mozilla.org.xpi
1532716366143	addons.xpi	DEBUG	Calling bootstrap method startup on webcompat@mozilla.org version 2.0
1532716366146	addons.manager	DEBUG	Registering shutdown blocker for XPIProvider
1532716366146	addons.manager	DEBUG	Provider finished startup: XPIProvider
1532716366146	addons.manager	DEBUG	Starting provider: LightweightThemeManager
1532716366146	addons.manager	DEBUG	Registering shutdown blocker for LightweightThemeManager
1532716366147	addons.manager	DEBUG	Provider finished startup: LightweightThemeManager
1532716366147	addons.manager	DEBUG	Starting provider: GMPProvider
1532716366150	addons.manager	DEBUG	Registering shutdown blocker for GMPProvider
1532716366150	addons.manager	DEBUG	Provider finished startup: GMPProvider
1532716366150	addons.manager	DEBUG	Starting provider: PluginProvider
1532716366150	addons.manager	DEBUG	Registering shutdown blocker for PluginProvider
1532716366151	addons.manager	DEBUG	Provider finished startup: PluginProvider
1532716366151	addons.manager	DEBUG	Completed startup sequence
Unable to read VR Path Registry from C:\Users\小圷 孝卓\AppData\Local\openvr\openvrpaths.vrpath
1532716366763	addons.repository	DEBUG	No addons.json found.
Unable to read VR Path Registry from C:\Users\小圷 孝卓\AppData\Local\openvr\openvrpaths.vrpath
Unable to read VR Path Registry from C:\Users\小圷 孝卓\AppData\Local\openvr\openvrpaths.vrpathUnable to read VR Path Registry from 
C:\Users\小圷 孝卓\AppData\Local\openvr\openvrpaths.vrpath
Unable to read VR Path Registry from C:\Users\小圷 孝卓\AppData\Local\openvr\openvrpaths.vrpath
1532716367461	addons.xpi	DEBUG	Ignoring file entry whose name is not a valid add-on ID: C:\Users\小圷 孝卓\AppData\Local\Temp\anonymous11857036217782974017webdriver-profile\extensions\webdriver-staging
1532716367461	addons.xpi	DEBUG	Existing add-on activity-stream@mozilla.org in app-system-defaults
1532716367461	addons.xpi	DEBUG	Existing add-on aushelper@mozilla.org in app-system-defaults
1532716367461	addons.xpi	DEBUG	Existing add-on firefox@getpocket.com in app-system-defaults
1532716367462	addons.xpi	DEBUG	Existing add-on followonsearch@mozilla.com in app-system-defaults
1532716367462	addons.xpi	DEBUG	Existing add-on formautofill@mozilla.org in app-system-defaults
1532716367462	addons.xpi	DEBUG	Existing add-on onboarding@mozilla.org in app-system-defaults
1532716367462	addons.xpi	DEBUG	Existing add-on screenshots@mozilla.org in app-system-defaults
1532716367462	addons.xpi	DEBUG	Existing add-on webcompat-reporter@mozilla.org in app-system-defaults
1532716367462	addons.xpi	DEBUG	Existing add-on webcompat@mozilla.org in app-system-defaults
1532716367463	addons.xpi	DEBUG	Existing add-on {4ED1F68A-5463-4931-9384-8FFF5ED91D92} in winreg-app-global
1532716367463	addons.xpi	DEBUG	getInstallState changed: false, state: {}
JavaScript error: resource://gre/modules/addons/XPIProvider.jsm, line 2189: TypeError: addon is null

Build info: version: '2.53.1', revision: 'a36b8b1cd5757287168e54b817830adce9b0158d', time: '2016-06-30 19:26:09'
System info: host: 'DESKTOP-0VF3QEQ', ip: '192.168.11.3', os.name: 'Windows 10', os.arch: 'amd64', os.version: '10.0', java.version: '10.0.1'
Driver info: driver.version: FirefoxDriver
Caused by: org.springframework.beans.factory.BeanCreationException: 
Error creating bean with name 'webDriver' defined in class path resource [META-INF/spring/seleniumContext.xml]: Instantiation of bean failed; nested exception is org.springframework.beans.BeanInstantiationException: Failed to instantiate [org.openqa.selenium.firefox.FirefoxDriver]: Constructor threw exception; nested exception is org.openqa.selenium.WebDriverException: Failed to connect to binary FirefoxBinary(C:\Program Files\Mozilla Firefox\firefox.exe) on port 7055; process output follows: 
earch@mozilla.com version 0.9.7
1532716366140	addons.xpi	DEBUG	Registering manifest for C:\Program Files\Mozilla Firefox\browser\features\formautofill@mozilla.org.xpi
1532716366140	addons.xpi	DEBUG	Calling bootstrap method startup on formautofill@mozilla.org version 1.0
1532716366141	addons.xpi	DEBUG	Registering manifest for C:\Program Files\Mozilla Firefox\browser\features\onboarding@mozilla.org.xpi
1532716366141	addons.xpi	DEBUG	Calling bootstrap method startup on onboarding@mozilla.org version 1.0
1532716366141	addons.xpi	DEBUG	Registering manifest for C:\Program Files\Mozilla Firefox\browser\features\screenshots@mozilla.org.xpi
1532716366142	addons.xpi	DEBUG	Calling bootstrap method startup on screenshots@mozilla.org version 32.1.0
1532716366142	addons.xpi	DEBUG	Registering manifest for C:\Program Files\Mozilla Firefox\browser\features\webcompat-reporter@mozilla.org.xpi
1532716366142	addons.xpi	DEBUG	Calling bootstrap method startup on webcompat-reporter@mozilla.org version 1.0.0
1532716366142	addons.xpi	DEBUG	Registering manifest for C:\Program Files\Mozilla Firefox\browser\features\webcompat@mozilla.org.xpi
1532716366143	addons.xpi	DEBUG	Calling bootstrap method startup on webcompat@mozilla.org version 2.0
1532716366146	addons.manager	DEBUG	Registering shutdown blocker for XPIProvider
1532716366146	addons.manager	DEBUG	Provider finished startup: XPIProvider
1532716366146	addons.manager	DEBUG	Starting provider: LightweightThemeManager
1532716366146	addons.manager	DEBUG	Registering shutdown blocker for LightweightThemeManager
1532716366147	addons.manager	DEBUG	Provider finished startup: LightweightThemeManager
1532716366147	addons.manager	DEBUG	Starting provider: GMPProvider
1532716366150	addons.manager	DEBUG	Registering shutdown blocker for GMPProvider
1532716366150	addons.manager	DEBUG	Provider finished startup: GMPProvider
1532716366150	addons.manager	DEBUG	Starting provider: PluginProvider
1532716366150	addons.manager	DEBUG	Registering shutdown blocker for PluginProvider
1532716366151	addons.manager	DEBUG	Provider finished startup: PluginProvider
1532716366151	addons.manager	DEBUG	Completed startup sequence
Unable to read VR Path Registry from C:\Users\小圷 孝卓\AppData\Local\openvr\openvrpaths.vrpath
1532716366763	addons.repository	DEBUG	No addons.json found.
Unable to read VR Path Registry from C:\Users\小圷 孝卓\AppData\Local\openvr\openvrpaths.vrpath
Unable to read VR Path Registry from C:\Users\小圷 孝卓\AppData\Local\openvr\openvrpaths.vrpathUnable to read VR Path Registry from 
C:\Users\小圷 孝卓\AppData\Local\openvr\openvrpaths.vrpath
Unable to read VR Path Registry from C:\Users\小圷 孝卓\AppData\Local\openvr\openvrpaths.vrpath
1532716367461	addons.xpi	DEBUG	Ignoring file entry whose name is not a valid add-on ID: C:\Users\小圷 孝卓\AppData\Local\Temp\anonymous11857036217782974017webdriver-profile\extensions\webdriver-staging
1532716367461	addons.xpi	DEBUG	Existing add-on activity-stream@mozilla.org in app-system-defaults
1532716367461	addons.xpi	DEBUG	Existing add-on aushelper@mozilla.org in app-system-defaults
1532716367461	addons.xpi	DEBUG	Existing add-on firefox@getpocket.com in app-system-defaults
1532716367462	addons.xpi	DEBUG	Existing add-on followonsearch@mozilla.com in app-system-defaults
1532716367462	addons.xpi	DEBUG	Existing add-on formautofill@mozilla.org in app-system-defaults
1532716367462	addons.xpi	DEBUG	Existing add-on onboarding@mozilla.org in app-system-defaults
1532716367462	addons.xpi	DEBUG	Existing add-on screenshots@mozilla.org in app-system-defaults
1532716367462	addons.xpi	DEBUG	Existing add-on webcompat-reporter@mozilla.org in app-system-defaults
1532716367462	addons.xpi	DEBUG	Existing add-on webcompat@mozilla.org in app-system-defaults
1532716367463	addons.xpi	DEBUG	Existing add-on {4ED1F68A-5463-4931-9384-8FFF5ED91D92} in winreg-app-global
1532716367463	addons.xpi	DEBUG	getInstallState changed: false, state: {}
JavaScript error: resource://gre/modules/addons/XPIProvider.jsm, line 2189: TypeError: addon is null

Build info: version: '2.53.1', revision: 'a36b8b1cd5757287168e54b817830adce9b0158d', time: '2016-06-30 19:26:09'
System info: host: 'DESKTOP-0VF3QEQ', ip: '192.168.11.3', os.name: 'Windows 10', os.arch: 'amd64', os.version: '10.0', java.version: '10.0.1'
Driver info: driver.version: FirefoxDriver
Caused by: org.springframework.beans.BeanInstantiationException: 
Failed to instantiate [org.openqa.selenium.firefox.FirefoxDriver]: Constructor threw exception; nested exception is org.openqa.selenium.WebDriverException: Failed to connect to binary FirefoxBinary(C:\Program Files\Mozilla Firefox\firefox.exe) on port 7055; process output follows: 
earch@mozilla.com version 0.9.7
1532716366140	addons.xpi	DEBUG	Registering manifest for C:\Program Files\Mozilla Firefox\browser\features\formautofill@mozilla.org.xpi
1532716366140	addons.xpi	DEBUG	Calling bootstrap method startup on formautofill@mozilla.org version 1.0
1532716366141	addons.xpi	DEBUG	Registering manifest for C:\Program Files\Mozilla Firefox\browser\features\onboarding@mozilla.org.xpi
1532716366141	addons.xpi	DEBUG	Calling bootstrap method startup on onboarding@mozilla.org version 1.0
1532716366141	addons.xpi	DEBUG	Registering manifest for C:\Program Files\Mozilla Firefox\browser\features\screenshots@mozilla.org.xpi
1532716366142	addons.xpi	DEBUG	Calling bootstrap method startup on screenshots@mozilla.org version 32.1.0
1532716366142	addons.xpi	DEBUG	Registering manifest for C:\Program Files\Mozilla Firefox\browser\features\webcompat-reporter@mozilla.org.xpi
1532716366142	addons.xpi	DEBUG	Calling bootstrap method startup on webcompat-reporter@mozilla.org version 1.0.0
1532716366142	addons.xpi	DEBUG	Registering manifest for C:\Program Files\Mozilla Firefox\browser\features\webcompat@mozilla.org.xpi
1532716366143	addons.xpi	DEBUG	Calling bootstrap method startup on webcompat@mozilla.org version 2.0
1532716366146	addons.manager	DEBUG	Registering shutdown blocker for XPIProvider
1532716366146	addons.manager	DEBUG	Provider finished startup: XPIProvider
1532716366146	addons.manager	DEBUG	Starting provider: LightweightThemeManager
1532716366146	addons.manager	DEBUG	Registering shutdown blocker for LightweightThemeManager
1532716366147	addons.manager	DEBUG	Provider finished startup: LightweightThemeManager
1532716366147	addons.manager	DEBUG	Starting provider: GMPProvider
1532716366150	addons.manager	DEBUG	Registering shutdown blocker for GMPProvider
1532716366150	addons.manager	DEBUG	Provider finished startup: GMPProvider
1532716366150	addons.manager	DEBUG	Starting provider: PluginProvider
1532716366150	addons.manager	DEBUG	Registering shutdown blocker for PluginProvider
1532716366151	addons.manager	DEBUG	Provider finished startup: PluginProvider
1532716366151	addons.manager	DEBUG	Completed startup sequence
Unable to read VR Path Registry from C:\Users\小圷 孝卓\AppData\Local\openvr\openvrpaths.vrpath
1532716366763	addons.repository	DEBUG	No addons.json found.
Unable to read VR Path Registry from C:\Users\小圷 孝卓\AppData\Local\openvr\openvrpaths.vrpath
Unable to read VR Path Registry from C:\Users\小圷 孝卓\AppData\Local\openvr\openvrpaths.vrpathUnable to read VR Path Registry from 
C:\Users\小圷 孝卓\AppData\Local\openvr\openvrpaths.vrpath
Unable to read VR Path Registry from C:\Users\小圷 孝卓\AppData\Local\openvr\openvrpaths.vrpath
1532716367461	addons.xpi	DEBUG	Ignoring file entry whose name is not a valid add-on ID: C:\Users\小圷 孝卓\AppData\Local\Temp\anonymous11857036217782974017webdriver-profile\extensions\webdriver-staging
1532716367461	addons.xpi	DEBUG	Existing add-on activity-stream@mozilla.org in app-system-defaults
1532716367461	addons.xpi	DEBUG	Existing add-on aushelper@mozilla.org in app-system-defaults
1532716367461	addons.xpi	DEBUG	Existing add-on firefox@getpocket.com in app-system-defaults
1532716367462	addons.xpi	DEBUG	Existing add-on followonsearch@mozilla.com in app-system-defaults
1532716367462	addons.xpi	DEBUG	Existing add-on formautofill@mozilla.org in app-system-defaults
1532716367462	addons.xpi	DEBUG	Existing add-on onboarding@mozilla.org in app-system-defaults
1532716367462	addons.xpi	DEBUG	Existing add-on screenshots@mozilla.org in app-system-defaults
1532716367462	addons.xpi	DEBUG	Existing add-on webcompat-reporter@mozilla.org in app-system-defaults
1532716367462	addons.xpi	DEBUG	Existing add-on webcompat@mozilla.org in app-system-defaults
1532716367463	addons.xpi	DEBUG	Existing add-on {4ED1F68A-5463-4931-9384-8FFF5ED91D92} in winreg-app-global
1532716367463	addons.xpi	DEBUG	getInstallState changed: false, state: {}
JavaScript error: resource://gre/modules/addons/XPIProvider.jsm, line 2189: TypeError: addon is null

Build info: version: '2.53.1', revision: 'a36b8b1cd5757287168e54b817830adce9b0158d', time: '2016-06-30 19:26:09'
System info: host: 'DESKTOP-0VF3QEQ', ip: '192.168.11.3', os.name: 'Windows 10', os.arch: 'amd64', os.version: '10.0', java.version: '10.0.1'
Driver info: driver.version: FirefoxDriver
Caused by: org.openqa.selenium.WebDriverException: 
Failed to connect to binary FirefoxBinary(C:\Program Files\Mozilla Firefox\firefox.exe) on port 7055; process output follows: 
earch@mozilla.com version 0.9.7
1532716366140	addons.xpi	DEBUG	Registering manifest for C:\Program Files\Mozilla Firefox\browser\features\formautofill@mozilla.org.xpi
1532716366140	addons.xpi	DEBUG	Calling bootstrap method startup on formautofill@mozilla.org version 1.0
1532716366141	addons.xpi	DEBUG	Registering manifest for C:\Program Files\Mozilla Firefox\browser\features\onboarding@mozilla.org.xpi
1532716366141	addons.xpi	DEBUG	Calling bootstrap method startup on onboarding@mozilla.org version 1.0
1532716366141	addons.xpi	DEBUG	Registering manifest for C:\Program Files\Mozilla Firefox\browser\features\screenshots@mozilla.org.xpi
1532716366142	addons.xpi	DEBUG	Calling bootstrap method startup on screenshots@mozilla.org version 32.1.0
1532716366142	addons.xpi	DEBUG	Registering manifest for C:\Program Files\Mozilla Firefox\browser\features\webcompat-reporter@mozilla.org.xpi
1532716366142	addons.xpi	DEBUG	Calling bootstrap method startup on webcompat-reporter@mozilla.org version 1.0.0
1532716366142	addons.xpi	DEBUG	Registering manifest for C:\Program Files\Mozilla Firefox\browser\features\webcompat@mozilla.org.xpi
1532716366143	addons.xpi	DEBUG	Calling bootstrap method startup on webcompat@mozilla.org version 2.0
1532716366146	addons.manager	DEBUG	Registering shutdown blocker for XPIProvider
1532716366146	addons.manager	DEBUG	Provider finished startup: XPIProvider
1532716366146	addons.manager	DEBUG	Starting provider: LightweightThemeManager
1532716366146	addons.manager	DEBUG	Registering shutdown blocker for LightweightThemeManager
1532716366147	addons.manager	DEBUG	Provider finished startup: LightweightThemeManager
1532716366147	addons.manager	DEBUG	Starting provider: GMPProvider
1532716366150	addons.manager	DEBUG	Registering shutdown blocker for GMPProvider
1532716366150	addons.manager	DEBUG	Provider finished startup: GMPProvider
1532716366150	addons.manager	DEBUG	Starting provider: PluginProvider
1532716366150	addons.manager	DEBUG	Registering shutdown blocker for PluginProvider
1532716366151	addons.manager	DEBUG	Provider finished startup: PluginProvider
1532716366151	addons.manager	DEBUG	Completed startup sequence
Unable to read VR Path Registry from C:\Users\小圷 孝卓\AppData\Local\openvr\openvrpaths.vrpath
1532716366763	addons.repository	DEBUG	No addons.json found.
Unable to read VR Path Registry from C:\Users\小圷 孝卓\AppData\Local\openvr\openvrpaths.vrpath
Unable to read VR Path Registry from C:\Users\小圷 孝卓\AppData\Local\openvr\openvrpaths.vrpathUnable to read VR Path Registry from 
C:\Users\小圷 孝卓\AppData\Local\openvr\openvrpaths.vrpath
Unable to read VR Path Registry from C:\Users\小圷 孝卓\AppData\Local\openvr\openvrpaths.vrpath
1532716367461	addons.xpi	DEBUG	Ignoring file entry whose name is not a valid add-on ID: C:\Users\小圷 孝卓\AppData\Local\Temp\anonymous11857036217782974017webdriver-profile\extensions\webdriver-staging
1532716367461	addons.xpi	DEBUG	Existing add-on activity-stream@mozilla.org in app-system-defaults
1532716367461	addons.xpi	DEBUG	Existing add-on aushelper@mozilla.org in app-system-defaults
1532716367461	addons.xpi	DEBUG	Existing add-on firefox@getpocket.com in app-system-defaults
1532716367462	addons.xpi	DEBUG	Existing add-on followonsearch@mozilla.com in app-system-defaults
1532716367462	addons.xpi	DEBUG	Existing add-on formautofill@mozilla.org in app-system-defaults
1532716367462	addons.xpi	DEBUG	Existing add-on onboarding@mozilla.org in app-system-defaults
1532716367462	addons.xpi	DEBUG	Existing add-on screenshots@mozilla.org in app-system-defaults
1532716367462	addons.xpi	DEBUG	Existing add-on webcompat-reporter@mozilla.org in app-system-defaults
1532716367462	addons.xpi	DEBUG	Existing add-on webcompat@mozilla.org in app-system-defaults
1532716367463	addons.xpi	DEBUG	Existing add-on {4ED1F68A-5463-4931-9384-8FFF5ED91D92} in winreg-app-global
1532716367463	addons.xpi	DEBUG	getInstallState changed: false, state: {}
JavaScript error: resource://gre/modules/addons/XPIProvider.jsm, line 2189: TypeError: addon is null

Build info: version: '2.53.1', revision: 'a36b8b1cd5757287168e54b817830adce9b0158d', time: '2016-06-30 19:26:09'
System info: host: 'DESKTOP-0VF3QEQ', ip: '192.168.11.3', os.name: 'Windows 10', os.arch: 'amd64', os.version: '10.0', java.version: '10.0.1'
Driver info: driver.version: FirefoxDriver
Caused by: org.openqa.selenium.firefox.NotConnectedException: 
Unable to connect to host 127.0.0.1 on port 7055 after 45000 ms. Firefox console output:
earch@mozilla.com version 0.9.7
1532716366140	addons.xpi	DEBUG	Registering manifest for C:\Program Files\Mozilla Firefox\browser\features\formautofill@mozilla.org.xpi
1532716366140	addons.xpi	DEBUG	Calling bootstrap method startup on formautofill@mozilla.org version 1.0
1532716366141	addons.xpi	DEBUG	Registering manifest for C:\Program Files\Mozilla Firefox\browser\features\onboarding@mozilla.org.xpi
1532716366141	addons.xpi	DEBUG	Calling bootstrap method startup on onboarding@mozilla.org version 1.0
1532716366141	addons.xpi	DEBUG	Registering manifest for C:\Program Files\Mozilla Firefox\browser\features\screenshots@mozilla.org.xpi
1532716366142	addons.xpi	DEBUG	Calling bootstrap method startup on screenshots@mozilla.org version 32.1.0
1532716366142	addons.xpi	DEBUG	Registering manifest for C:\Program Files\Mozilla Firefox\browser\features\webcompat-reporter@mozilla.org.xpi
1532716366142	addons.xpi	DEBUG	Calling bootstrap method startup on webcompat-reporter@mozilla.org version 1.0.0
1532716366142	addons.xpi	DEBUG	Registering manifest for C:\Program Files\Mozilla Firefox\browser\features\webcompat@mozilla.org.xpi
1532716366143	addons.xpi	DEBUG	Calling bootstrap method startup on webcompat@mozilla.org version 2.0
1532716366146	addons.manager	DEBUG	Registering shutdown blocker for XPIProvider
1532716366146	addons.manager	DEBUG	Provider finished startup: XPIProvider
1532716366146	addons.manager	DEBUG	Starting provider: LightweightThemeManager
1532716366146	addons.manager	DEBUG	Registering shutdown blocker for LightweightThemeManager
1532716366147	addons.manager	DEBUG	Provider finished startup: LightweightThemeManager
1532716366147	addons.manager	DEBUG	Starting provider: GMPProvider
1532716366150	addons.manager	DEBUG	Registering shutdown blocker for GMPProvider
1532716366150	addons.manager	DEBUG	Provider finished startup: GMPProvider
1532716366150	addons.manager	DEBUG	Starting provider: PluginProvider
1532716366150	addons.manager	DEBUG	Registering shutdown blocker for PluginProvider
1532716366151	addons.manager	DEBUG	Provider finished startup: PluginProvider
1532716366151	addons.manager	DEBUG	Completed startup sequence
Unable to read VR Path Registry from C:\Users\小圷 孝卓\AppData\Local\openvr\openvrpaths.vrpath
1532716366763	addons.repository	DEBUG	No addons.json found.
Unable to read VR Path Registry from C:\Users\小圷 孝卓\AppData\Local\openvr\openvrpaths.vrpath
Unable to read VR Path Registry from C:\Users\小圷 孝卓\AppData\Local\openvr\openvrpaths.vrpathUnable to read VR Path Registry from 
C:\Users\小圷 孝卓\AppData\Local\openvr\openvrpaths.vrpath
Unable to read VR Path Registry from C:\Users\小圷 孝卓\AppData\Local\openvr\openvrpaths.vrpath
1532716367461	addons.xpi	DEBUG	Ignoring file entry whose name is not a valid add-on ID: C:\Users\小圷 孝卓\AppData\Local\Temp\anonymous11857036217782974017webdriver-profile\extensions\webdriver-staging
1532716367461	addons.xpi	DEBUG	Existing add-on activity-stream@mozilla.org in app-system-defaults
1532716367461	addons.xpi	DEBUG	Existing add-on aushelper@mozilla.org in app-system-defaults
1532716367461	addons.xpi	DEBUG	Existing add-on firefox@getpocket.com in app-system-defaults
1532716367462	addons.xpi	DEBUG	Existing add-on followonsearch@mozilla.com in app-system-defaults
1532716367462	addons.xpi	DEBUG	Existing add-on formautofill@mozilla.org in app-system-defaults
1532716367462	addons.xpi	DEBUG	Existing add-on onboarding@mozilla.org in app-system-defaults
1532716367462	addons.xpi	DEBUG	Existing add-on screenshots@mozilla.org in app-system-defaults
1532716367462	addons.xpi	DEBUG	Existing add-on webcompat-reporter@mozilla.org in app-system-defaults
1532716367462	addons.xpi	DEBUG	Existing add-on webcompat@mozilla.org in app-system-defaults
1532716367463	addons.xpi	DEBUG	Existing add-on {4ED1F68A-5463-4931-9384-8FFF5ED91D92} in winreg-app-global
1532716367463	addons.xpi	DEBUG	getInstallState changed: false, state: {}
JavaScript error: resource://gre/modules/addons/XPIProvider.jsm, line 2189: TypeError: addon is null


