<?xml version="1.0" encoding="UTF-8"?>
<testsuite xmlns:xsi="http://www.w3.org/2001/XMLSchema-instance" xsi:schemaLocation="https://maven.apache.org/surefire/maven-surefire-plugin/xsd/surefire-test-report.xsd" name="com.example.user.management.selenium.welcome.HelloIT" time="49.055" tests="1" errors="1" skipped="0" failures="0">
  <properties>
[...]
</properties>
  <testcase name="testHelloWorld" classname="com.example.user.management.selenium.welcome.HelloIT" time="0">
    <error message="Error creating bean with name &apos;com.example.user.management.selenium.welcome.HelloIT&apos;: Unsatisfied dependency expressed through field &apos;webDriver&apos;; nested exception is org.springframework.beans.factory.BeanCreationException: Error creating bean with name &apos;webDriver&apos; defined in class path resource [META-INF/spring/seleniumContext.xml]: Instantiation of bean failed; nested exception is org.springframework.beans.BeanInstantiationException: Failed to instantiate [org.openqa.selenium.firefox.FirefoxDriver]: Constructor threw exception; nested exception is org.openqa.selenium.WebDriverException: Failed to connect to binary FirefoxBinary(C:\Program Files\Mozilla Firefox\firefox.exe) on port 7055; process output follows: &#10;earch@mozilla.com version 0.9.7&#10;1532716366140	addons.xpi	DEBUG	Registering manifest for C:\Program Files\Mozilla Firefox\browser\features\formautofill@mozilla.org.xpi&#10;1532716366140	addons.xpi	DEBUG	Calling bootstrap method startup on formautofill@mozilla.org version 1.0&#10;1532716366141	addons.xpi	DEBUG	Registering manifest for C:\Program Files\Mozilla Firefox\browser\features\onboarding@mozilla.org.xpi&#10;1532716366141	addons.xpi	DEBUG	Calling bootstrap method startup on onboarding@mozilla.org version 1.0&#10;1532716366141	addons.xpi	DEBUG	Registering manifest for C:\Program Files\Mozilla Firefox\browser\features\screenshots@mozilla.org.xpi&#10;1532716366142	addons.xpi	DEBUG	Calling bootstrap method startup on screenshots@mozilla.org version 32.1.0&#10;1532716366142	addons.xpi	DEBUG	Registering manifest for C:\Program Files\Mozilla Firefox\browser\features\webcompat-reporter@mozilla.org.xpi&#10;1532716366142	addons.xpi	DEBUG	Calling bootstrap method startup on webcompat-reporter@mozilla.org version 1.0.0&#10;1532716366142	addons.xpi	DEBUG	Registering manifest for C:\Program Files\Mozilla Firefox\browser\features\webcompat@mozilla.org.xpi&#10;1532716366143	addons.xpi	DEBUG	Calling bootstrap method startup on webcompat@mozilla.org version 2.0&#10;1532716366146	addons.manager	DEBUG	Registering shutdown blocker for XPIProvider&#10;1532716366146	addons.manager	DEBUG	Provider finished startup: XPIProvider&#10;1532716366146	addons.manager	DEBUG	Starting provider: LightweightThemeManager&#10;1532716366146	addons.manager	DEBUG	Registering shutdown blocker for LightweightThemeManager&#10;1532716366147	addons.manager	DEBUG	Provider finished startup: LightweightThemeManager&#10;1532716366147	addons.manager	DEBUG	Starting provider: GMPProvider&#10;1532716366150	addons.manager	DEBUG	Registering shutdown blocker for GMPProvider&#10;1532716366150	addons.manager	DEBUG	Provider finished startup: GMPProvider&#10;1532716366150	addons.manager	DEBUG	Starting provider: PluginProvider&#10;1532716366150	addons.manager	DEBUG	Registering shutdown blocker for PluginProvider&#10;1532716366151	addons.manager	DEBUG	Provider finished startup: PluginProvider&#10;1532716366151	addons.manager	DEBUG	Completed startup sequence&#10;Unable to read VR Path Registry from C:\Users\蟆丞惺 蟄晏酷\AppData\Local\openvr\openvrpaths.vrpath&#10;1532716366763	addons.repository	DEBUG	No addons.json found.&#10;Unable to read VR Path Registry from C:\Users\蟆丞惺 蟄晏酷\AppData\Local\openvr\openvrpaths.vrpath&#10;Unable to read VR Path Registry from C:\Users\蟆丞惺 蟄晏酷\AppData\Local\openvr\openvrpaths.vrpathUnable to read VR Path Registry from &#10;C:\Users\蟆丞惺 蟄晏酷\AppData\Local\openvr\openvrpaths.vrpath&#10;Unable to read VR Path Registry from C:\Users\蟆丞惺 蟄晏酷\AppData\Local\openvr\openvrpaths.vrpath&#10;1532716367461	addons.xpi	DEBUG	Ignoring file entry whose name is not a valid add-on ID: C:\Users\蟆丞惺 蟄晏酷\AppData\Local\Temp\anonymous11857036217782974017webdriver-profile\extensions\webdriver-staging&#10;1532716367461	addons.xpi	DEBUG	Existing add-on activity-stream@mozilla.org in app-system-defaults&#10;1532716367461	addons.xpi	DEBUG	Existing add-on aushelper@mozilla.org in app-system-defaults&#10;1532716367461	addons.xpi	DEBUG	Existing add-on firefox@getpocket.com in app-system-defaults&#10;1532716367462	addons.xpi	DEBUG	Existing add-on followonsearch@mozilla.com in app-system-defaults&#10;1532716367462	addons.xpi	DEBUG	Existing add-on formautofill@mozilla.org in app-system-defaults&#10;1532716367462	addons.xpi	DEBUG	Existing add-on onboarding@mozilla.org in app-system-defaults&#10;1532716367462	addons.xpi	DEBUG	Existing add-on screenshots@mozilla.org in app-system-defaults&#10;1532716367462	addons.xpi	DEBUG	Existing add-on webcompat-reporter@mozilla.org in app-system-defaults&#10;1532716367462	addons.xpi	DEBUG	Existing add-on webcompat@mozilla.org in app-system-defaults&#10;1532716367463	addons.xpi	DEBUG	Existing add-on {4ED1F68A-5463-4931-9384-8FFF5ED91D92} in winreg-app-global&#10;1532716367463	addons.xpi	DEBUG	getInstallState changed: false, state: {}&#10;JavaScript error: resource://gre/modules/addons/XPIProvider.jsm, line 2189: TypeError: addon is null&#10;&#10;Build info: version: &apos;2.53.1&apos;, revision: &apos;a36b8b1cd5757287168e54b817830adce9b0158d&apos;, time: &apos;2016-06-30 19:26:09&apos;&#10;System info: host: &apos;DESKTOP-0VF3QEQ&apos;, ip: &apos;192.168.11.3&apos;, os.name: &apos;Windows 10&apos;, os.arch: &apos;amd64&apos;, os.version: &apos;10.0&apos;, java.version: &apos;10.0.1&apos;&#10;Driver info: driver.version: FirefoxDriver" type="org.springframework.beans.factory.UnsatisfiedDependencyException">org.springframework.beans.factory.UnsatisfiedDependencyException: 
Error creating bean with name 'com.example.user.management.selenium.welcome.HelloIT': Unsatisfied dependency expressed through field 'webDriver'; nested exception is org.springframework.beans.factory.BeanCreationException: Error creating bean with name 'webDriver' defined in class path resource [META-INF/spring/seleniumContext.xml]: Instantiation of bean failed; nested exception is org.springframework.beans.BeanInstantiationException: Failed to instantiate [org.openqa.selenium.firefox.FirefoxDriver]: Constructor threw exception; nested exception is org.openqa.selenium.WebDriverException: Failed to connect to binary FirefoxBinary(C:\Program Files\Mozilla Firefox\firefox.exe) on port 7055; process output follows: 
earch@mozilla.com version 0.9.7
1532716366140	addons.xpi	DEBUG	Registering manifest for C:\Program Files\Mozilla Firefox\browser\features\formautofill@mozilla.org.xpi
1532716366140	addons.xpi	DEBUG	Calling bootstrap method startup on formautofill@mozilla.org version 1.0
1532716366141	addons.xpi	DEBUG	Registering manifest for C:\Program Files\Mozilla Firefox\browser\features\onboarding@mozilla.org.xpi
1532716366141	addons.xpi	DEBUG	Calling bootstrap method startup on onboarding@mozilla.org version 1.0
1532716366141	addons.xpi	DEBUG	Registering manifest for C:\Program Files\Mozilla Firefox\browser\features\screenshots@mozilla.org.xpi
1532716366142	addons.xpi	DEBUG	Calling bootstrap method startup on screenshots@mozilla.org version 32.1.0
1532716366142	addons.xpi	DEBUG	Registering manifest for C:\Program Files\Mozilla Firefox\browser\features\webcompat-reporter@mozilla.org.xpi
1532716366142	addons.xpi	DEBUG	Calling bootstrap method startup on webcompat-reporter@mozilla.org version 1.0.0
1532716366142	addons.xpi	DEBUG	Registering manifest for C:\Program Files\Mozilla Firefox\browser\features\webcompat@mozilla.org.xpi
1532716366143	addons.xpi	DEBUG	Calling bootstrap method startup on webcompat@mozilla.org version 2.0
1532716366146	addons.manager	DEBUG	Registering shutdown blocker for XPIProvider
1532716366146	addons.manager	DEBUG	Provider finished startup: XPIProvider
1532716366146	addons.manager	DEBUG	Starting provider: LightweightThemeManager
1532716366146	addons.manager	DEBUG	Registering shutdown blocker for LightweightThemeManager
1532716366147	addons.manager	DEBUG	Provider finished startup: LightweightThemeManager
1532716366147	addons.manager	DEBUG	Starting provider: GMPProvider
1532716366150	addons.manager	DEBUG	Registering shutdown blocker for GMPProvider
1532716366150	addons.manager	DEBUG	Provider finished startup: GMPProvider
1532716366150	addons.manager	DEBUG	Starting provider: PluginProvider
1532716366150	addons.manager	DEBUG	Registering shutdown blocker for PluginProvider
1532716366151	addons.manager	DEBUG	Provider finished startup: PluginProvider
1532716366151	addons.manager	DEBUG	Completed startup sequence
Unable to read VR Path Registry from C:\Users\蟆丞惺 蟄晏酷\AppData\Local\openvr\openvrpaths.vrpath
1532716366763	addons.repository	DEBUG	No addons.json found.
Unable to read VR Path Registry from C:\Users\蟆丞惺 蟄晏酷\AppData\Local\openvr\openvrpaths.vrpath
Unable to read VR Path Registry from C:\Users\蟆丞惺 蟄晏酷\AppData\Local\openvr\openvrpaths.vrpathUnable to read VR Path Registry from 
C:\Users\蟆丞惺 蟄晏酷\AppData\Local\openvr\openvrpaths.vrpath
Unable to read VR Path Registry from C:\Users\蟆丞惺 蟄晏酷\AppData\Local\openvr\openvrpaths.vrpath
1532716367461	addons.xpi	DEBUG	Ignoring file entry whose name is not a valid add-on ID: C:\Users\蟆丞惺 蟄晏酷\AppData\Local\Temp\anonymous11857036217782974017webdriver-profile\extensions\webdriver-staging
1532716367461	addons.xpi	DEBUG	Existing add-on activity-stream@mozilla.org in app-system-defaults
1532716367461	addons.xpi	DEBUG	Existing add-on aushelper@mozilla.org in app-system-defaults
1532716367461	addons.xpi	DEBUG	Existing add-on firefox@getpocket.com in app-system-defaults
1532716367462	addons.xpi	DEBUG	Existing add-on followonsearch@mozilla.com in app-system-defaults
1532716367462	addons.xpi	DEBUG	Existing add-on formautofill@mozilla.org in app-system-defaults
1532716367462	addons.xpi	DEBUG	Existing add-on onboarding@mozilla.org in app-system-defaults
1532716367462	addons.xpi	DEBUG	Existing add-on screenshots@mozilla.org in app-system-defaults
1532716367462	addons.xpi	DEBUG	Existing add-on webcompat-reporter@mozilla.org in app-system-defaults
1532716367462	addons.xpi	DEBUG	Existing add-on webcompat@mozilla.org in app-system-defaults
1532716367463	addons.xpi	DEBUG	Existing add-on {4ED1F68A-5463-4931-9384-8FFF5ED91D92} in winreg-app-global
1532716367463	addons.xpi	DEBUG	getInstallState changed: false, state: {}
JavaScript error: resource://gre/modules/addons/XPIProvider.jsm, line 2189: TypeError: addon is null

Build info: version: '2.53.1', revision: 'a36b8b1cd5757287168e54b817830adce9b0158d', time: '2016-06-30 19:26:09'
System info: host: 'DESKTOP-0VF3QEQ', ip: '192.168.11.3', os.name: 'Windows 10', os.arch: 'amd64', os.version: '10.0', java.version: '10.0.1'
Driver info: driver.version: FirefoxDriver
Caused by: org.springframework.beans.factory.BeanCreationException: 
Error creating bean with name 'webDriver' defined in class path resource [META-INF/spring/seleniumContext.xml]: Instantiation of bean failed; nested exception is org.springframework.beans.BeanInstantiationException: Failed to instantiate [org.openqa.selenium.firefox.FirefoxDriver]: Constructor threw exception; nested exception is org.openqa.selenium.WebDriverException: Failed to connect to binary FirefoxBinary(C:\Program Files\Mozilla Firefox\firefox.exe) on port 7055; process output follows: 
earch@mozilla.com version 0.9.7
1532716366140	addons.xpi	DEBUG	Registering manifest for C:\Program Files\Mozilla Firefox\browser\features\formautofill@mozilla.org.xpi
1532716366140	addons.xpi	DEBUG	Calling bootstrap method startup on formautofill@mozilla.org version 1.0
1532716366141	addons.xpi	DEBUG	Registering manifest for C:\Program Files\Mozilla Firefox\browser\features\onboarding@mozilla.org.xpi
1532716366141	addons.xpi	DEBUG	Calling bootstrap method startup on onboarding@mozilla.org version 1.0
1532716366141	addons.xpi	DEBUG	Registering manifest for C:\Program Files\Mozilla Firefox\browser\features\screenshots@mozilla.org.xpi
1532716366142	addons.xpi	DEBUG	Calling bootstrap method startup on screenshots@mozilla.org version 32.1.0
1532716366142	addons.xpi	DEBUG	Registering manifest for C:\Program Files\Mozilla Firefox\browser\features\webcompat-reporter@mozilla.org.xpi
1532716366142	addons.xpi	DEBUG	Calling bootstrap method startup on webcompat-reporter@mozilla.org version 1.0.0
1532716366142	addons.xpi	DEBUG	Registering manifest for C:\Program Files\Mozilla Firefox\browser\features\webcompat@mozilla.org.xpi
1532716366143	addons.xpi	DEBUG	Calling bootstrap method startup on webcompat@mozilla.org version 2.0
1532716366146	addons.manager	DEBUG	Registering shutdown blocker for XPIProvider
1532716366146	addons.manager	DEBUG	Provider finished startup: XPIProvider
1532716366146	addons.manager	DEBUG	Starting provider: LightweightThemeManager
1532716366146	addons.manager	DEBUG	Registering shutdown blocker for LightweightThemeManager
1532716366147	addons.manager	DEBUG	Provider finished startup: LightweightThemeManager
1532716366147	addons.manager	DEBUG	Starting provider: GMPProvider
1532716366150	addons.manager	DEBUG	Registering shutdown blocker for GMPProvider
1532716366150	addons.manager	DEBUG	Provider finished startup: GMPProvider
1532716366150	addons.manager	DEBUG	Starting provider: PluginProvider
1532716366150	addons.manager	DEBUG	Registering shutdown blocker for PluginProvider
1532716366151	addons.manager	DEBUG	Provider finished startup: PluginProvider
1532716366151	addons.manager	DEBUG	Completed startup sequence
Unable to read VR Path Registry from C:\Users\蟆丞惺 蟄晏酷\AppData\Local\openvr\openvrpaths.vrpath
1532716366763	addons.repository	DEBUG	No addons.json found.
Unable to read VR Path Registry from C:\Users\蟆丞惺 蟄晏酷\AppData\Local\openvr\openvrpaths.vrpath
Unable to read VR Path Registry from C:\Users\蟆丞惺 蟄晏酷\AppData\Local\openvr\openvrpaths.vrpathUnable to read VR Path Registry from 
C:\Users\蟆丞惺 蟄晏酷\AppData\Local\openvr\openvrpaths.vrpath
Unable to read VR Path Registry from C:\Users\蟆丞惺 蟄晏酷\AppData\Local\openvr\openvrpaths.vrpath
1532716367461	addons.xpi	DEBUG	Ignoring file entry whose name is not a valid add-on ID: C:\Users\蟆丞惺 蟄晏酷\AppData\Local\Temp\anonymous11857036217782974017webdriver-profile\extensions\webdriver-staging
1532716367461	addons.xpi	DEBUG	Existing add-on activity-stream@mozilla.org in app-system-defaults
1532716367461	addons.xpi	DEBUG	Existing add-on aushelper@mozilla.org in app-system-defaults
1532716367461	addons.xpi	DEBUG	Existing add-on firefox@getpocket.com in app-system-defaults
1532716367462	addons.xpi	DEBUG	Existing add-on followonsearch@mozilla.com in app-system-defaults
1532716367462	addons.xpi	DEBUG	Existing add-on formautofill@mozilla.org in app-system-defaults
1532716367462	addons.xpi	DEBUG	Existing add-on onboarding@mozilla.org in app-system-defaults
1532716367462	addons.xpi	DEBUG	Existing add-on screenshots@mozilla.org in app-system-defaults
1532716367462	addons.xpi	DEBUG	Existing add-on webcompat-reporter@mozilla.org in app-system-defaults
1532716367462	addons.xpi	DEBUG	Existing add-on webcompat@mozilla.org in app-system-defaults
1532716367463	addons.xpi	DEBUG	Existing add-on {4ED1F68A-5463-4931-9384-8FFF5ED91D92} in winreg-app-global
1532716367463	addons.xpi	DEBUG	getInstallState changed: false, state: {}
JavaScript error: resource://gre/modules/addons/XPIProvider.jsm, line 2189: TypeError: addon is null

Build info: version: '2.53.1', revision: 'a36b8b1cd5757287168e54b817830adce9b0158d', time: '2016-06-30 19:26:09'
System info: host: 'DESKTOP-0VF3QEQ', ip: '192.168.11.3', os.name: 'Windows 10', os.arch: 'amd64', os.version: '10.0', java.version: '10.0.1'
Driver info: driver.version: FirefoxDriver
Caused by: org.springframework.beans.BeanInstantiationException: 
Failed to instantiate [org.openqa.selenium.firefox.FirefoxDriver]: Constructor threw exception; nested exception is org.openqa.selenium.WebDriverException: Failed to connect to binary FirefoxBinary(C:\Program Files\Mozilla Firefox\firefox.exe) on port 7055; process output follows: 
earch@mozilla.com version 0.9.7
1532716366140	addons.xpi	DEBUG	Registering manifest for C:\Program Files\Mozilla Firefox\browser\features\formautofill@mozilla.org.xpi
1532716366140	addons.xpi	DEBUG	Calling bootstrap method startup on formautofill@mozilla.org version 1.0
1532716366141	addons.xpi	DEBUG	Registering manifest for C:\Program Files\Mozilla Firefox\browser\features\onboarding@mozilla.org.xpi
1532716366141	addons.xpi	DEBUG	Calling bootstrap method startup on onboarding@mozilla.org version 1.0
1532716366141	addons.xpi	DEBUG	Registering manifest for C:\Program Files\Mozilla Firefox\browser\features\screenshots@mozilla.org.xpi
1532716366142	addons.xpi	DEBUG	Calling bootstrap method startup on screenshots@mozilla.org version 32.1.0
1532716366142	addons.xpi	DEBUG	Registering manifest for C:\Program Files\Mozilla Firefox\browser\features\webcompat-reporter@mozilla.org.xpi
1532716366142	addons.xpi	DEBUG	Calling bootstrap method startup on webcompat-reporter@mozilla.org version 1.0.0
1532716366142	addons.xpi	DEBUG	Registering manifest for C:\Program Files\Mozilla Firefox\browser\features\webcompat@mozilla.org.xpi
1532716366143	addons.xpi	DEBUG	Calling bootstrap method startup on webcompat@mozilla.org version 2.0
1532716366146	addons.manager	DEBUG	Registering shutdown blocker for XPIProvider
1532716366146	addons.manager	DEBUG	Provider finished startup: XPIProvider
1532716366146	addons.manager	DEBUG	Starting provider: LightweightThemeManager
1532716366146	addons.manager	DEBUG	Registering shutdown blocker for LightweightThemeManager
1532716366147	addons.manager	DEBUG	Provider finished startup: LightweightThemeManager
1532716366147	addons.manager	DEBUG	Starting provider: GMPProvider
1532716366150	addons.manager	DEBUG	Registering shutdown blocker for GMPProvider
1532716366150	addons.manager	DEBUG	Provider finished startup: GMPProvider
1532716366150	addons.manager	DEBUG	Starting provider: PluginProvider
1532716366150	addons.manager	DEBUG	Registering shutdown blocker for PluginProvider
1532716366151	addons.manager	DEBUG	Provider finished startup: PluginProvider
1532716366151	addons.manager	DEBUG	Completed startup sequence
Unable to read VR Path Registry from C:\Users\蟆丞惺 蟄晏酷\AppData\Local\openvr\openvrpaths.vrpath
1532716366763	addons.repository	DEBUG	No addons.json found.
Unable to read VR Path Registry from C:\Users\蟆丞惺 蟄晏酷\AppData\Local\openvr\openvrpaths.vrpath
Unable to read VR Path Registry from C:\Users\蟆丞惺 蟄晏酷\AppData\Local\openvr\openvrpaths.vrpathUnable to read VR Path Registry from 
C:\Users\蟆丞惺 蟄晏酷\AppData\Local\openvr\openvrpaths.vrpath
Unable to read VR Path Registry from C:\Users\蟆丞惺 蟄晏酷\AppData\Local\openvr\openvrpaths.vrpath
1532716367461	addons.xpi	DEBUG	Ignoring file entry whose name is not a valid add-on ID: C:\Users\蟆丞惺 蟄晏酷\AppData\Local\Temp\anonymous11857036217782974017webdriver-profile\extensions\webdriver-staging
1532716367461	addons.xpi	DEBUG	Existing add-on activity-stream@mozilla.org in app-system-defaults
1532716367461	addons.xpi	DEBUG	Existing add-on aushelper@mozilla.org in app-system-defaults
1532716367461	addons.xpi	DEBUG	Existing add-on firefox@getpocket.com in app-system-defaults
1532716367462	addons.xpi	DEBUG	Existing add-on followonsearch@mozilla.com in app-system-defaults
1532716367462	addons.xpi	DEBUG	Existing add-on formautofill@mozilla.org in app-system-defaults
1532716367462	addons.xpi	DEBUG	Existing add-on onboarding@mozilla.org in app-system-defaults
1532716367462	addons.xpi	DEBUG	Existing add-on screenshots@mozilla.org in app-system-defaults
1532716367462	addons.xpi	DEBUG	Existing add-on webcompat-reporter@mozilla.org in app-system-defaults
1532716367462	addons.xpi	DEBUG	Existing add-on webcompat@mozilla.org in app-system-defaults
1532716367463	addons.xpi	DEBUG	Existing add-on {4ED1F68A-5463-4931-9384-8FFF5ED91D92} in winreg-app-global
1532716367463	addons.xpi	DEBUG	getInstallState changed: false, state: {}
JavaScript error: resource://gre/modules/addons/XPIProvider.jsm, line 2189: TypeError: addon is null

Build info: version: '2.53.1', revision: 'a36b8b1cd5757287168e54b817830adce9b0158d', time: '2016-06-30 19:26:09'
System info: host: 'DESKTOP-0VF3QEQ', ip: '192.168.11.3', os.name: 'Windows 10', os.arch: 'amd64', os.version: '10.0', java.version: '10.0.1'
Driver info: driver.version: FirefoxDriver
Caused by: org.openqa.selenium.WebDriverException: 
Failed to connect to binary FirefoxBinary(C:\Program Files\Mozilla Firefox\firefox.exe) on port 7055; process output follows: 
earch@mozilla.com version 0.9.7
1532716366140	addons.xpi	DEBUG	Registering manifest for C:\Program Files\Mozilla Firefox\browser\features\formautofill@mozilla.org.xpi
1532716366140	addons.xpi	DEBUG	Calling bootstrap method startup on formautofill@mozilla.org version 1.0
1532716366141	addons.xpi	DEBUG	Registering manifest for C:\Program Files\Mozilla Firefox\browser\features\onboarding@mozilla.org.xpi
1532716366141	addons.xpi	DEBUG	Calling bootstrap method startup on onboarding@mozilla.org version 1.0
1532716366141	addons.xpi	DEBUG	Registering manifest for C:\Program Files\Mozilla Firefox\browser\features\screenshots@mozilla.org.xpi
1532716366142	addons.xpi	DEBUG	Calling bootstrap method startup on screenshots@mozilla.org version 32.1.0
1532716366142	addons.xpi	DEBUG	Registering manifest for C:\Program Files\Mozilla Firefox\browser\features\webcompat-reporter@mozilla.org.xpi
1532716366142	addons.xpi	DEBUG	Calling bootstrap method startup on webcompat-reporter@mozilla.org version 1.0.0
1532716366142	addons.xpi	DEBUG	Registering manifest for C:\Program Files\Mozilla Firefox\browser\features\webcompat@mozilla.org.xpi
1532716366143	addons.xpi	DEBUG	Calling bootstrap method startup on webcompat@mozilla.org version 2.0
1532716366146	addons.manager	DEBUG	Registering shutdown blocker for XPIProvider
1532716366146	addons.manager	DEBUG	Provider finished startup: XPIProvider
1532716366146	addons.manager	DEBUG	Starting provider: LightweightThemeManager
1532716366146	addons.manager	DEBUG	Registering shutdown blocker for LightweightThemeManager
1532716366147	addons.manager	DEBUG	Provider finished startup: LightweightThemeManager
1532716366147	addons.manager	DEBUG	Starting provider: GMPProvider
1532716366150	addons.manager	DEBUG	Registering shutdown blocker for GMPProvider
1532716366150	addons.manager	DEBUG	Provider finished startup: GMPProvider
1532716366150	addons.manager	DEBUG	Starting provider: PluginProvider
1532716366150	addons.manager	DEBUG	Registering shutdown blocker for PluginProvider
1532716366151	addons.manager	DEBUG	Provider finished startup: PluginProvider
1532716366151	addons.manager	DEBUG	Completed startup sequence
Unable to read VR Path Registry from C:\Users\蟆丞惺 蟄晏酷\AppData\Local\openvr\openvrpaths.vrpath
1532716366763	addons.repository	DEBUG	No addons.json found.
Unable to read VR Path Registry from C:\Users\蟆丞惺 蟄晏酷\AppData\Local\openvr\openvrpaths.vrpath
Unable to read VR Path Registry from C:\Users\蟆丞惺 蟄晏酷\AppData\Local\openvr\openvrpaths.vrpathUnable to read VR Path Registry from 
C:\Users\蟆丞惺 蟄晏酷\AppData\Local\openvr\openvrpaths.vrpath
Unable to read VR Path Registry from C:\Users\蟆丞惺 蟄晏酷\AppData\Local\openvr\openvrpaths.vrpath
1532716367461	addons.xpi	DEBUG	Ignoring file entry whose name is not a valid add-on ID: C:\Users\蟆丞惺 蟄晏酷\AppData\Local\Temp\anonymous11857036217782974017webdriver-profile\extensions\webdriver-staging
1532716367461	addons.xpi	DEBUG	Existing add-on activity-stream@mozilla.org in app-system-defaults
1532716367461	addons.xpi	DEBUG	Existing add-on aushelper@mozilla.org in app-system-defaults
1532716367461	addons.xpi	DEBUG	Existing add-on firefox@getpocket.com in app-system-defaults
1532716367462	addons.xpi	DEBUG	Existing add-on followonsearch@mozilla.com in app-system-defaults
1532716367462	addons.xpi	DEBUG	Existing add-on formautofill@mozilla.org in app-system-defaults
1532716367462	addons.xpi	DEBUG	Existing add-on onboarding@mozilla.org in app-system-defaults
1532716367462	addons.xpi	DEBUG	Existing add-on screenshots@mozilla.org in app-system-defaults
1532716367462	addons.xpi	DEBUG	Existing add-on webcompat-reporter@mozilla.org in app-system-defaults
1532716367462	addons.xpi	DEBUG	Existing add-on webcompat@mozilla.org in app-system-defaults
1532716367463	addons.xpi	DEBUG	Existing add-on {4ED1F68A-5463-4931-9384-8FFF5ED91D92} in winreg-app-global
1532716367463	addons.xpi	DEBUG	getInstallState changed: false, state: {}
JavaScript error: resource://gre/modules/addons/XPIProvider.jsm, line 2189: TypeError: addon is null

Build info: version: '2.53.1', revision: 'a36b8b1cd5757287168e54b817830adce9b0158d', time: '2016-06-30 19:26:09'
System info: host: 'DESKTOP-0VF3QEQ', ip: '192.168.11.3', os.name: 'Windows 10', os.arch: 'amd64', os.version: '10.0', java.version: '10.0.1'
Driver info: driver.version: FirefoxDriver
Caused by: org.openqa.selenium.firefox.NotConnectedException: 
Unable to connect to host 127.0.0.1 on port 7055 after 45000 ms. Firefox console output:
earch@mozilla.com version 0.9.7
1532716366140	addons.xpi	DEBUG	Registering manifest for C:\Program Files\Mozilla Firefox\browser\features\formautofill@mozilla.org.xpi
1532716366140	addons.xpi	DEBUG	Calling bootstrap method startup on formautofill@mozilla.org version 1.0
1532716366141	addons.xpi	DEBUG	Registering manifest for C:\Program Files\Mozilla Firefox\browser\features\onboarding@mozilla.org.xpi
1532716366141	addons.xpi	DEBUG	Calling bootstrap method startup on onboarding@mozilla.org version 1.0
1532716366141	addons.xpi	DEBUG	Registering manifest for C:\Program Files\Mozilla Firefox\browser\features\screenshots@mozilla.org.xpi
1532716366142	addons.xpi	DEBUG	Calling bootstrap method startup on screenshots@mozilla.org version 32.1.0
1532716366142	addons.xpi	DEBUG	Registering manifest for C:\Program Files\Mozilla Firefox\browser\features\webcompat-reporter@mozilla.org.xpi
1532716366142	addons.xpi	DEBUG	Calling bootstrap method startup on webcompat-reporter@mozilla.org version 1.0.0
1532716366142	addons.xpi	DEBUG	Registering manifest for C:\Program Files\Mozilla Firefox\browser\features\webcompat@mozilla.org.xpi
1532716366143	addons.xpi	DEBUG	Calling bootstrap method startup on webcompat@mozilla.org version 2.0
1532716366146	addons.manager	DEBUG	Registering shutdown blocker for XPIProvider
1532716366146	addons.manager	DEBUG	Provider finished startup: XPIProvider
1532716366146	addons.manager	DEBUG	Starting provider: LightweightThemeManager
1532716366146	addons.manager	DEBUG	Registering shutdown blocker for LightweightThemeManager
1532716366147	addons.manager	DEBUG	Provider finished startup: LightweightThemeManager
1532716366147	addons.manager	DEBUG	Starting provider: GMPProvider
1532716366150	addons.manager	DEBUG	Registering shutdown blocker for GMPProvider
1532716366150	addons.manager	DEBUG	Provider finished startup: GMPProvider
1532716366150	addons.manager	DEBUG	Starting provider: PluginProvider
1532716366150	addons.manager	DEBUG	Registering shutdown blocker for PluginProvider
1532716366151	addons.manager	DEBUG	Provider finished startup: PluginProvider
1532716366151	addons.manager	DEBUG	Completed startup sequence
Unable to read VR Path Registry from C:\Users\蟆丞惺 蟄晏酷\AppData\Local\openvr\openvrpaths.vrpath
1532716366763	addons.repository	DEBUG	No addons.json found.
Unable to read VR Path Registry from C:\Users\蟆丞惺 蟄晏酷\AppData\Local\openvr\openvrpaths.vrpath
Unable to read VR Path Registry from C:\Users\蟆丞惺 蟄晏酷\AppData\Local\openvr\openvrpaths.vrpathUnable to read VR Path Registry from 
C:\Users\蟆丞惺 蟄晏酷\AppData\Local\openvr\openvrpaths.vrpath
Unable to read VR Path Registry from C:\Users\蟆丞惺 蟄晏酷\AppData\Local\openvr\openvrpaths.vrpath
1532716367461	addons.xpi	DEBUG	Ignoring file entry whose name is not a valid add-on ID: C:\Users\蟆丞惺 蟄晏酷\AppData\Local\Temp\anonymous11857036217782974017webdriver-profile\extensions\webdriver-staging
1532716367461	addons.xpi	DEBUG	Existing add-on activity-stream@mozilla.org in app-system-defaults
1532716367461	addons.xpi	DEBUG	Existing add-on aushelper@mozilla.org in app-system-defaults
1532716367461	addons.xpi	DEBUG	Existing add-on firefox@getpocket.com in app-system-defaults
1532716367462	addons.xpi	DEBUG	Existing add-on followonsearch@mozilla.com in app-system-defaults
1532716367462	addons.xpi	DEBUG	Existing add-on formautofill@mozilla.org in app-system-defaults
1532716367462	addons.xpi	DEBUG	Existing add-on onboarding@mozilla.org in app-system-defaults
1532716367462	addons.xpi	DEBUG	Existing add-on screenshots@mozilla.org in app-system-defaults
1532716367462	addons.xpi	DEBUG	Existing add-on webcompat-reporter@mozilla.org in app-system-defaults
1532716367462	addons.xpi	DEBUG	Existing add-on webcompat@mozilla.org in app-system-defaults
1532716367463	addons.xpi	DEBUG	Existing add-on {4ED1F68A-5463-4931-9384-8FFF5ED91D92} in winreg-app-global
1532716367463	addons.xpi	DEBUG	getInstallState changed: false, state: {}
JavaScript error: resource://gre/modules/addons/XPIProvider.jsm, line 2189: TypeError: addon is null

</error>
    <system-out><![CDATA[03:32:43.510 [main] DEBUG org.springframework.test.context.junit4.SpringJUnit4ClassRunner - SpringJUnit4ClassRunner constructor called with [class com.example.user.management.selenium.welcome.HelloIT]
03:32:43.526 [main] DEBUG org.springframework.test.context.BootstrapUtils - Instantiating CacheAwareContextLoaderDelegate from class [org.springframework.test.context.cache.DefaultCacheAwareContextLoaderDelegate]
03:32:43.526 [main] DEBUG org.springframework.test.context.BootstrapUtils - Instantiating BootstrapContext using constructor [public org.springframework.test.context.support.DefaultBootstrapContext(java.lang.Class,org.springframework.test.context.CacheAwareContextLoaderDelegate)]
03:32:43.526 [main] DEBUG org.springframework.test.context.BootstrapUtils - Instantiating TestContextBootstrapper for test class [com.example.user.management.selenium.welcome.HelloIT] from class [org.springframework.test.context.support.DefaultTestContextBootstrapper]
03:32:43.557 [main] DEBUG org.springframework.test.context.support.AbstractDelegatingSmartContextLoader - Delegating to GenericXmlContextLoader to process context configuration [ContextConfigurationAttributes@77f1baf5 declaringClass = 'com.example.user.management.selenium.welcome.HelloIT', classes = '{}', locations = '{classpath:META-INF/spring/seleniumContext.xml}', inheritLocations = true, initializers = '{}', inheritInitializers = true, name = [null], contextLoaderClass = 'org.springframework.test.context.ContextLoader'].
03:32:43.573 [main] DEBUG org.springframework.test.context.support.ActiveProfilesUtils - Could not find an 'annotation declaring class' for annotation type [org.springframework.test.context.ActiveProfiles] and class [com.example.user.management.selenium.welcome.HelloIT]
03:32:43.573 [main] DEBUG org.springframework.test.context.support.DefaultTestContextBootstrapper - @TestExecutionListeners is not present for class [com.example.user.management.selenium.welcome.HelloIT]: using defaults.
03:32:43.573 [main] INFO org.springframework.test.context.support.DefaultTestContextBootstrapper - Loaded default TestExecutionListener class names from location [META-INF/spring.factories]: [org.springframework.test.context.web.ServletTestExecutionListener, org.springframework.test.context.support.DirtiesContextBeforeModesTestExecutionListener, org.springframework.test.context.support.DependencyInjectionTestExecutionListener, org.springframework.test.context.support.DirtiesContextTestExecutionListener, org.springframework.test.context.transaction.TransactionalTestExecutionListener, org.springframework.test.context.jdbc.SqlScriptsTestExecutionListener]
03:32:43.573 [main] DEBUG org.springframework.test.context.support.DefaultTestContextBootstrapper - Could not instantiate TestExecutionListener [org.springframework.test.context.web.ServletTestExecutionListener]. Specify custom listener classes or make the default listener classes (and their required dependencies) available. Offending class: [javax/servlet/ServletContext]
03:32:43.589 [main] INFO org.springframework.test.context.support.DefaultTestContextBootstrapper - Using TestExecutionListeners: [org.springframework.test.context.support.DirtiesContextBeforeModesTestExecutionListener@5f683daf, org.springframework.test.context.support.DependencyInjectionTestExecutionListener@78ffe6dc, org.springframework.test.context.support.DirtiesContextTestExecutionListener@8317c52, org.springframework.test.context.transaction.TransactionalTestExecutionListener@76f2bbc1, org.springframework.test.context.jdbc.SqlScriptsTestExecutionListener@68e965f5]
03:32:43.589 [main] DEBUG org.springframework.test.annotation.ProfileValueUtils - Retrieved @ProfileValueSourceConfiguration [null] for test class [com.example.user.management.selenium.welcome.HelloIT]
03:32:43.589 [main] DEBUG org.springframework.test.annotation.ProfileValueUtils - Retrieved ProfileValueSource type [class org.springframework.test.annotation.SystemProfileValueSource] for class [com.example.user.management.selenium.welcome.HelloIT]
03:32:43.589 [main] DEBUG org.springframework.test.context.junit4.SpringJUnit4ClassRunner - SpringJUnit4ClassRunner constructor called with [class com.example.user.management.selenium.welcome.HelloIT]
03:32:43.589 [main] DEBUG org.springframework.test.context.BootstrapUtils - Instantiating CacheAwareContextLoaderDelegate from class [org.springframework.test.context.cache.DefaultCacheAwareContextLoaderDelegate]
03:32:43.589 [main] DEBUG org.springframework.test.context.BootstrapUtils - Instantiating BootstrapContext using constructor [public org.springframework.test.context.support.DefaultBootstrapContext(java.lang.Class,org.springframework.test.context.CacheAwareContextLoaderDelegate)]
03:32:43.589 [main] DEBUG org.springframework.test.context.BootstrapUtils - Instantiating TestContextBootstrapper for test class [com.example.user.management.selenium.welcome.HelloIT] from class [org.springframework.test.context.support.DefaultTestContextBootstrapper]
03:32:43.589 [main] DEBUG org.springframework.test.context.support.AbstractDelegatingSmartContextLoader - Delegating to GenericXmlContextLoader to process context configuration [ContextConfigurationAttributes@51f116b8 declaringClass = 'com.example.user.management.selenium.welcome.HelloIT', classes = '{}', locations = '{classpath:META-INF/spring/seleniumContext.xml}', inheritLocations = true, initializers = '{}', inheritInitializers = true, name = [null], contextLoaderClass = 'org.springframework.test.context.ContextLoader'].
03:32:43.589 [main] DEBUG org.springframework.test.context.support.ActiveProfilesUtils - Could not find an 'annotation declaring class' for annotation type [org.springframework.test.context.ActiveProfiles] and class [com.example.user.management.selenium.welcome.HelloIT]
03:32:43.589 [main] DEBUG org.springframework.test.context.support.DefaultTestContextBootstrapper - @TestExecutionListeners is not present for class [com.example.user.management.selenium.welcome.HelloIT]: using defaults.
03:32:43.589 [main] INFO org.springframework.test.context.support.DefaultTestContextBootstrapper - Loaded default TestExecutionListener class names from location [META-INF/spring.factories]: [org.springframework.test.context.web.ServletTestExecutionListener, org.springframework.test.context.support.DirtiesContextBeforeModesTestExecutionListener, org.springframework.test.context.support.DependencyInjectionTestExecutionListener, org.springframework.test.context.support.DirtiesContextTestExecutionListener, org.springframework.test.context.transaction.TransactionalTestExecutionListener, org.springframework.test.context.jdbc.SqlScriptsTestExecutionListener]
03:32:43.589 [main] DEBUG org.springframework.test.context.support.DefaultTestContextBootstrapper - Could not instantiate TestExecutionListener [org.springframework.test.context.web.ServletTestExecutionListener]. Specify custom listener classes or make the default listener classes (and their required dependencies) available. Offending class: [javax/servlet/ServletContext]
03:32:43.589 [main] INFO org.springframework.test.context.support.DefaultTestContextBootstrapper - Using TestExecutionListeners: [org.springframework.test.context.support.DirtiesContextBeforeModesTestExecutionListener@378542de, org.springframework.test.context.support.DependencyInjectionTestExecutionListener@3738449f, org.springframework.test.context.support.DirtiesContextTestExecutionListener@69e1dd28, org.springframework.test.context.transaction.TransactionalTestExecutionListener@11bd0f3b, org.springframework.test.context.jdbc.SqlScriptsTestExecutionListener@c333c60]
03:32:43.589 [main] DEBUG org.springframework.test.annotation.ProfileValueUtils - Retrieved @ProfileValueSourceConfiguration [null] for test class [com.example.user.management.selenium.welcome.HelloIT]
03:32:43.589 [main] DEBUG org.springframework.test.annotation.ProfileValueUtils - Retrieved ProfileValueSource type [class org.springframework.test.annotation.SystemProfileValueSource] for class [com.example.user.management.selenium.welcome.HelloIT]
03:32:43.589 [main] DEBUG org.springframework.test.annotation.ProfileValueUtils - Retrieved @ProfileValueSourceConfiguration [null] for test class [com.example.user.management.selenium.welcome.HelloIT]
03:32:43.589 [main] DEBUG org.springframework.test.annotation.ProfileValueUtils - Retrieved ProfileValueSource type [class org.springframework.test.annotation.SystemProfileValueSource] for class [com.example.user.management.selenium.welcome.HelloIT]
03:32:43.589 [main] DEBUG org.springframework.test.annotation.ProfileValueUtils - Retrieved @ProfileValueSourceConfiguration [null] for test class [com.example.user.management.selenium.welcome.HelloIT]
03:32:43.589 [main] DEBUG org.springframework.test.annotation.ProfileValueUtils - Retrieved ProfileValueSource type [class org.springframework.test.annotation.SystemProfileValueSource] for class [com.example.user.management.selenium.welcome.HelloIT]
03:32:43.604 [main] DEBUG org.springframework.test.context.support.AbstractDirtiesContextTestExecutionListener - Before test class: context [DefaultTestContext@44821a96 testClass = HelloIT, testInstance = [null], testMethod = [null], testException = [null], mergedContextConfiguration = [MergedContextConfiguration@a3d8174 testClass = HelloIT, locations = '{classpath:META-INF/spring/seleniumContext.xml}', classes = '{}', contextInitializerClasses = '[]', activeProfiles = '{}', propertySourceLocations = '{}', propertySourceProperties = '{}', contextCustomizers = set[[empty]], contextLoader = 'org.springframework.test.context.support.DelegatingSmartContextLoader', parent = [null]]], class annotated with @DirtiesContext [false] with mode [null].
03:32:43.604 [main] DEBUG org.springframework.test.annotation.ProfileValueUtils - Retrieved @ProfileValueSourceConfiguration [null] for test class [com.example.user.management.selenium.welcome.HelloIT]
03:32:43.604 [main] DEBUG org.springframework.test.annotation.ProfileValueUtils - Retrieved ProfileValueSource type [class org.springframework.test.annotation.SystemProfileValueSource] for class [com.example.user.management.selenium.welcome.HelloIT]
03:32:43.604 [main] DEBUG org.springframework.test.context.support.DependencyInjectionTestExecutionListener - Performing dependency injection for test context [[DefaultTestContext@44821a96 testClass = HelloIT, testInstance = com.example.user.management.selenium.welcome.HelloIT@5ace1ed4, testMethod = [null], testException = [null], mergedContextConfiguration = [MergedContextConfiguration@a3d8174 testClass = HelloIT, locations = '{classpath:META-INF/spring/seleniumContext.xml}', classes = '{}', contextInitializerClasses = '[]', activeProfiles = '{}', propertySourceLocations = '{}', propertySourceProperties = '{}', contextCustomizers = set[[empty]], contextLoader = 'org.springframework.test.context.support.DelegatingSmartContextLoader', parent = [null]]]].
03:32:43.604 [main] DEBUG org.springframework.test.context.support.AbstractDelegatingSmartContextLoader - Delegating to GenericXmlContextLoader to load context from [MergedContextConfiguration@a3d8174 testClass = HelloIT, locations = '{classpath:META-INF/spring/seleniumContext.xml}', classes = '{}', contextInitializerClasses = '[]', activeProfiles = '{}', propertySourceLocations = '{}', propertySourceProperties = '{}', contextCustomizers = set[[empty]], contextLoader = 'org.springframework.test.context.support.DelegatingSmartContextLoader', parent = [null]].
03:32:43.604 [main] DEBUG org.springframework.test.context.support.AbstractGenericContextLoader - Loading ApplicationContext for merged context configuration [[MergedContextConfiguration@a3d8174 testClass = HelloIT, locations = '{classpath:META-INF/spring/seleniumContext.xml}', classes = '{}', contextInitializerClasses = '[]', activeProfiles = '{}', propertySourceLocations = '{}', propertySourceProperties = '{}', contextCustomizers = set[[empty]], contextLoader = 'org.springframework.test.context.support.DelegatingSmartContextLoader', parent = [null]]].
03:32:43.620 [main] DEBUG org.springframework.core.env.StandardEnvironment - Adding PropertySource 'systemProperties' with lowest search precedence
03:32:43.620 [main] DEBUG org.springframework.core.env.StandardEnvironment - Adding PropertySource 'systemEnvironment' with lowest search precedence
03:32:43.620 [main] DEBUG org.springframework.core.env.StandardEnvironment - Initialized StandardEnvironment with PropertySources [MapPropertySource@1383178166 {name='systemProperties', properties={sun.desktop=windows, awt.toolkit=sun.awt.windows.WToolkit, java.specification.version=10, file.encoding.pkg=sun.io, sun.cpu.isalist=amd64, sun.jnu.encoding=MS932, java.class.path=C:\Users\小圷 孝卓\user-management-t5-koakutsuk\user-management-t5-koakutsuk-selenium\target\test-classes;C:\Users\小圷 孝卓\user-management-t5-koakutsuk\user-management-t5-koakutsuk-selenium\target\user-management-t5-koakutsuk-selenium-1.0.0-SNAPSHOT.jar;C:\Users\小圷 孝卓\user-management-t5-koakutsuk\user-management-t5-koakutsuk-domain\target\user-management-t5-koakutsuk-domain-1.0.0-SNAPSHOT.jar;C:\Users\小圷 孝卓\.m2\repository\org\terasoluna\gfw\terasoluna-gfw-common\5.4.1.RELEASE\terasoluna-gfw-common-5.4.1.RELEASE.jar;C:\Users\小圷 孝卓\.m2\repository\org\aspectj\aspectjrt\1.8.10\aspectjrt-1.8.10.jar;C:\Users\小圷 孝卓\.m2\repository\org\aspectj\aspectjweaver\1.8.10\aspectjweaver-1.8.10.jar;C:\Users\小圷 孝卓\.m2\repository\ch\qos\logback\logback-classic\1.1.11\logback-classic-1.1.11.jar;C:\Users\小圷 孝卓\.m2\repository\ch\qos\logback\logback-core\1.1.11\logback-core-1.1.11.jar;C:\Users\小圷 孝卓\.m2\repository\org\springframework\spring-context-support\4.3.14.RELEASE\spring-context-support-4.3.14.RELEASE.jar;C:\Users\小圷 孝卓\.m2\repository\org\springframework\spring-orm\4.3.14.RELEASE\spring-orm-4.3.14.RELEASE.jar;C:\Users\小圷 孝卓\.m2\repository\org\springframework\spring-jdbc\4.3.14.RELEASE\spring-jdbc-4.3.14.RELEASE.jar;C:\Users\小圷 孝卓\.m2\repository\org\springframework\spring-tx\4.3.14.RELEASE\spring-tx-4.3.14.RELEASE.jar;C:\Users\小圷 孝卓\.m2\repository\org\springframework\data\spring-data-commons\1.13.7.RELEASE\spring-data-commons-1.13.7.RELEASE.jar;C:\Users\小圷 孝卓\.m2\repository\com\google\guava\guava\20.0\guava-20.0.jar;C:\Users\小圷 孝卓\.m2\repository\org\hibernate\hibernate-validator\5.3.5.Final\hibernate-validator-5.3.5.Final.jar;C:\Users\小圷 孝卓\.m2\repository\javax\validation\validation-api\1.1.0.Final\validation-api-1.1.0.Final.jar;C:\Users\小圷 孝卓\.m2\repository\org\jboss\logging\jboss-logging\3.3.1.Final\jboss-logging-3.3.1.Final.jar;C:\Users\小圷 孝卓\.m2\repository\com\fasterxml\classmate\1.3.4\classmate-1.3.4.jar;C:\Users\小圷 孝卓\.m2\repository\com\fasterxml\jackson\core\jackson-databind\2.8.10\jackson-databind-2.8.10.jar;C:\Users\小圷 孝卓\.m2\repository\com\fasterxml\jackson\core\jackson-annotations\2.8.0\jackson-annotations-2.8.0.jar;C:\Users\小圷 孝卓\.m2\repository\com\fasterxml\jackson\core\jackson-core\2.8.10\jackson-core-2.8.10.jar;C:\Users\小圷 孝卓\.m2\repository\com\fasterxml\jackson\datatype\jackson-datatype-jsr310\2.8.10\jackson-datatype-jsr310-2.8.10.jar;C:\Users\小圷 孝卓\.m2\repository\org\slf4j\jcl-over-slf4j\1.7.25\jcl-over-slf4j-1.7.25.jar;C:\Users\小圷 孝卓\.m2\repository\org\slf4j\slf4j-api\1.7.25\slf4j-api-1.7.25.jar;C:\Users\小圷 孝卓\.m2\repository\org\lazyluke\log4jdbc-remix\0.2.7\log4jdbc-remix-0.2.7.jar;C:\Users\小圷 孝卓\.m2\repository\org\springframework\spring-aop\4.3.14.RELEASE\spring-aop-4.3.14.RELEASE.jar;C:\Users\小圷 孝卓\.m2\repository\org\springframework\spring-beans\4.3.14.RELEASE\spring-beans-4.3.14.RELEASE.jar;C:\Users\小圷 孝卓\.m2\repository\org\springframework\spring-aspects\4.3.14.RELEASE\spring-aspects-4.3.14.RELEASE.jar;C:\Users\小圷 孝卓\.m2\repository\org\springframework\spring-context\4.3.14.RELEASE\spring-context-4.3.14.RELEASE.jar;C:\Users\小圷 孝卓\.m2\repository\org\springframework\spring-expression\4.3.14.RELEASE\spring-expression-4.3.14.RELEASE.jar;C:\Users\小圷 孝卓\.m2\repository\javax\inject\javax.inject\1\javax.inject-1.jar;C:\Users\小圷 孝卓\.m2\repository\org\terasoluna\gfw\terasoluna-gfw-jodatime\5.4.1.RELEASE\terasoluna-gfw-jodatime-5.4.1.RELEASE.jar;C:\Users\小圷 孝卓\.m2\repository\com\fasterxml\jackson\datatype\jackson-datatype-joda\2.8.10\jackson-datatype-joda-2.8.10.jar;C:\Users\小圷 孝卓\.m2\repository\joda-time\joda-time\2.9.9\joda-time-2.9.9.jar;C:\Users\小圷 孝卓\.m2\repository\joda-time\joda-time-jsptags\1.1.1\joda-time-jsptags-1.1.1.jar;C:\Users\小圷 孝卓\.m2\repository\org\springframework\security\spring-security-config\4.2.4.RELEASE\spring-security-config-4.2.4.RELEASE.jar;C:\Users\小圷 孝卓\.m2\repository\aopalliance\aopalliance\1.0\aopalliance-1.0.jar;C:\Users\小圷 孝卓\.m2\repository\org\springframework\security\spring-security-core\4.2.4.RELEASE\spring-security-core-4.2.4.RELEASE.jar;C:\Users\小圷 孝卓\.m2\repository\org\mybatis\mybatis\3.4.5\mybatis-3.4.5.jar;C:\Users\小圷 孝卓\.m2\repository\org\mybatis\mybatis-spring\1.3.1\mybatis-spring-1.3.1.jar;C:\Users\小圷 孝卓\.m2\repository\commons-beanutils\commons-beanutils\1.9.3\commons-beanutils-1.9.3.jar;C:\Users\小圷 孝卓\.m2\repository\commons-collections\commons-collections\3.2.2\commons-collections-3.2.2.jar;C:\Users\小圷 孝卓\.m2\repository\commons-io\commons-io\2.5\commons-io-2.5.jar;C:\Users\小圷 孝卓\.m2\repository\org\apache\commons\commons-dbcp2\2.1.1\commons-dbcp2-2.1.1.jar;C:\Users\小圷 孝卓\.m2\repository\org\apache\commons\commons-pool2\2.4.2\commons-pool2-2.4.2.jar;C:\Users\小圷 孝卓\.m2\repository\org\apache\commons\commons-lang3\3.5\commons-lang3-3.5.jar;C:\Users\小圷 孝卓\.m2\repository\net\sf\dozer\dozer\5.5.1\dozer-5.5.1.jar;C:\Users\小圷 孝卓\.m2\repository\net\sf\dozer\dozer-spring\5.5.1\dozer-spring-5.5.1.jar;C:\Users\小圷 孝卓\.m2\repository\org\springframework\spring-test\4.3.14.RELEASE\spring-test-4.3.14.RELEASE.jar;C:\Users\小圷 孝卓\.m2\repository\org\springframework\spring-core\4.3.14.RELEASE\spring-core-4.3.14.RELEASE.jar;C:\Users\小圷 孝卓\.m2\repository\commons-logging\commons-logging\1.2\commons-logging-1.2.jar;C:\Users\小圷 孝卓\.m2\repository\junit\junit\4.12\junit-4.12.jar;C:\Users\小圷 孝卓\.m2\repository\org\hamcrest\hamcrest-core\1.3\hamcrest-core-1.3.jar;C:\Users\小圷 孝卓\.m2\repository\org\seleniumhq\selenium\selenium-java\2.53.1\selenium-java-2.53.1.jar;C:\Users\小圷 孝卓\.m2\repository\org\seleniumhq\selenium\selenium-chrome-driver\2.53.1\selenium-chrome-driver-2.53.1.jar;C:\Users\小圷 孝卓\.m2\repository\org\seleniumhq\selenium\selenium-remote-driver\2.53.1\selenium-remote-driver-2.53.1.jar;C:\Users\小圷 孝卓\.m2\repository\cglib\cglib-nodep\2.1_3\cglib-nodep-2.1_3.jar;C:\Users\小圷 孝卓\.m2\repository\com\google\code\gson\gson\2.8.1\gson-2.8.1.jar;C:\Users\小圷 孝卓\.m2\repository\org\seleniumhq\selenium\selenium-api\2.53.1\selenium-api-2.53.1.jar;C:\Users\小圷 孝卓\.m2\repository\org\apache\httpcomponents\httpclient\4.5.3\httpclient-4.5.3.jar;C:\Users\小圷 孝卓\.m2\repository\org\apache\httpcomponents\httpcore\4.4.6\httpcore-4.4.6.jar;C:\Users\小圷 孝卓\.m2\repository\org\seleniumhq\selenium\selenium-edge-driver\2.53.1\selenium-edge-driver-2.53.1.jar;C:\Users\小圷 孝卓\.m2\repository\org\apache\commons\commons-exec\1.3\commons-exec-1.3.jar;C:\Users\小圷 孝卓\.m2\repository\org\seleniumhq\selenium\htmlunit-driver\2.21\htmlunit-driver-2.21.jar;C:\Users\小圷 孝卓\.m2\repository\net\sourceforge\htmlunit\htmlunit\2.21\htmlunit-2.21.jar;C:\Users\小圷 孝卓\.m2\repository\xalan\xalan\2.7.2\xalan-2.7.2.jar;C:\Users\小圷 孝卓\.m2\repository\xalan\serializer\2.7.2\serializer-2.7.2.jar;C:\Users\小圷 孝卓\.m2\repository\org\apache\httpcomponents\httpmime\4.5.3\httpmime-4.5.3.jar;C:\Users\小圷 孝卓\.m2\repository\commons-codec\commons-codec\1.10\commons-codec-1.10.jar;C:\Users\小圷 孝卓\.m2\repository\net\sourceforge\htmlunit\htmlunit-core-js\2.17\htmlunit-core-js-2.17.jar;C:\Users\小圷 孝卓\.m2\repository\net\sourceforge\htmlunit\neko-htmlunit\2.21\neko-htmlunit-2.21.jar;C:\Users\小圷 孝卓\.m2\repository\xerces\xercesImpl\2.11.0\xercesImpl-2.11.0.jar;C:\Users\小圷 孝卓\.m2\repository\xml-apis\xml-apis\1.4.01\xml-apis-1.4.01.jar;C:\Users\小圷 孝卓\.m2\repository\net\sourceforge\cssparser\cssparser\0.9.18\cssparser-0.9.18.jar;C:\Users\小圷 孝卓\.m2\repository\org\w3c\css\sac\1.3\sac-1.3.jar;C:\Users\小圷 孝卓\.m2\repository\org\eclipse\jetty\websocket\websocket-client\9.4.6.v20170531\websocket-client-9.4.6.v20170531.jar;C:\Users\小圷 孝卓\.m2\repository\org\eclipse\jetty\jetty-util\9.4.6.v20170531\jetty-util-9.4.6.v20170531.jar;C:\Users\小圷 孝卓\.m2\repository\org\eclipse\jetty\jetty-io\9.4.6.v20170531\jetty-io-9.4.6.v20170531.jar;C:\Users\小圷 孝卓\.m2\repository\org\eclipse\jetty\jetty-client\9.4.6.v20170531\jetty-client-9.4.6.v20170531.jar;C:\Users\小圷 孝卓\.m2\repository\org\eclipse\jetty\jetty-http\9.4.6.v20170531\jetty-http-9.4.6.v20170531.jar;C:\Users\小圷 孝卓\.m2\repository\org\eclipse\jetty\websocket\websocket-common\9.4.6.v20170531\websocket-common-9.4.6.v20170531.jar;C:\Users\小圷 孝卓\.m2\repository\org\eclipse\jetty\websocket\websocket-api\9.4.6.v20170531\websocket-api-9.4.6.v20170531.jar;C:\Users\小圷 孝卓\.m2\repository\org\seleniumhq\selenium\selenium-firefox-driver\2.53.1\selenium-firefox-driver-2.53.1.jar;C:\Users\小圷 孝卓\.m2\repository\org\seleniumhq\selenium\selenium-ie-driver\2.53.1\selenium-ie-driver-2.53.1.jar;C:\Users\小圷 孝卓\.m2\repository\net\java\dev\jna\jna\4.2.2\jna-4.2.2.jar;C:\Users\小圷 孝卓\.m2\repository\net\java\dev\jna\jna-platform\4.1.0\jna-platform-4.1.0.jar;C:\Users\小圷 孝卓\.m2\repository\org\seleniumhq\selenium\selenium-safari-driver\2.53.1\selenium-safari-driver-2.53.1.jar;C:\Users\小圷 孝卓\.m2\repository\io\netty\netty\3.5.7.Final\netty-3.5.7.Final.jar;C:\Users\小圷 孝卓\.m2\repository\org\seleniumhq\selenium\selenium-support\2.53.1\selenium-support-2.53.1.jar;C:\Users\小圷 孝卓\.m2\repository\org\seleniumhq\selenium\selenium-leg-rc\2.53.1\selenium-leg-rc-2.53.1.jar;, java.vm.vendor="Oracle Corporation", sun.arch.data.model=64, user.variant=, java.vendor.url=http://java.oracle.com/, user.timezone=GMT+09:00, os.name=Windows 10, java.vm.specification.version=10, sun.java.launcher=SUN_STANDARD, user.country=JP, sun.boot.library.path=C:\Program Files\Java\jdk-10.0.1\bin, sun.java.command=C:\Users\小圷 孝卓\user-management-t5-koakutsuk\user-management-t5-koakutsuk-selenium\target\surefire\surefirebooter14902018051442736699.jar C:\Users\小圷 孝卓\user-management-t5-koakutsuk\user-management-t5-koakutsuk-selenium\target\surefire\surefire9481871091624124091tmp C:\Users\小圷 孝卓\user-management-t5-koakutsuk\user-management-t5-koakutsuk-selenium\target\surefire\surefire_03568538778940351326tmp, jdk.debug=release, surefire.test.class.path=C:\Users\小圷 孝卓\user-management-t5-koakutsuk\user-management-t5-koakutsuk-selenium\target\test-classes;C:\Users\小圷 孝卓\user-management-t5-koakutsuk\user-management-t5-koakutsuk-selenium\target\user-management-t5-koakutsuk-selenium-1.0.0-SNAPSHOT.jar;C:\Users\小圷 孝卓\user-management-t5-koakutsuk\user-management-t5-koakutsuk-domain\target\user-management-t5-koakutsuk-domain-1.0.0-SNAPSHOT.jar;C:\Users\小圷 孝卓\.m2\repository\org\terasoluna\gfw\terasoluna-gfw-common\5.4.1.RELEASE\terasoluna-gfw-common-5.4.1.RELEASE.jar;C:\Users\小圷 孝卓\.m2\repository\org\aspectj\aspectjrt\1.8.10\aspectjrt-1.8.10.jar;C:\Users\小圷 孝卓\.m2\repository\org\aspectj\aspectjweaver\1.8.10\aspectjweaver-1.8.10.jar;C:\Users\小圷 孝卓\.m2\repository\ch\qos\logback\logback-classic\1.1.11\logback-classic-1.1.11.jar;C:\Users\小圷 孝卓\.m2\repository\ch\qos\logback\logback-core\1.1.11\logback-core-1.1.11.jar;C:\Users\小圷 孝卓\.m2\repository\org\springframework\spring-context-support\4.3.14.RELEASE\spring-context-support-4.3.14.RELEASE.jar;C:\Users\小圷 孝卓\.m2\repository\org\springframework\spring-orm\4.3.14.RELEASE\spring-orm-4.3.14.RELEASE.jar;C:\Users\小圷 孝卓\.m2\repository\org\springframework\spring-jdbc\4.3.14.RELEASE\spring-jdbc-4.3.14.RELEASE.jar;C:\Users\小圷 孝卓\.m2\repository\org\springframework\spring-tx\4.3.14.RELEASE\spring-tx-4.3.14.RELEASE.jar;C:\Users\小圷 孝卓\.m2\repository\org\springframework\data\spring-data-commons\1.13.7.RELEASE\spring-data-commons-1.13.7.RELEASE.jar;C:\Users\小圷 孝卓\.m2\repository\com\google\guava\guava\20.0\guava-20.0.jar;C:\Users\小圷 孝卓\.m2\repository\org\hibernate\hibernate-validator\5.3.5.Final\hibernate-validator-5.3.5.Final.jar;C:\Users\小圷 孝卓\.m2\repository\javax\validation\validation-api\1.1.0.Final\validation-api-1.1.0.Final.jar;C:\Users\小圷 孝卓\.m2\repository\org\jboss\logging\jboss-logging\3.3.1.Final\jboss-logging-3.3.1.Final.jar;C:\Users\小圷 孝卓\.m2\repository\com\fasterxml\classmate\1.3.4\classmate-1.3.4.jar;C:\Users\小圷 孝卓\.m2\repository\com\fasterxml\jackson\core\jackson-databind\2.8.10\jackson-databind-2.8.10.jar;C:\Users\小圷 孝卓\.m2\repository\com\fasterxml\jackson\core\jackson-annotations\2.8.0\jackson-annotations-2.8.0.jar;C:\Users\小圷 孝卓\.m2\repository\com\fasterxml\jackson\core\jackson-core\2.8.10\jackson-core-2.8.10.jar;C:\Users\小圷 孝卓\.m2\repository\com\fasterxml\jackson\datatype\jackson-datatype-jsr310\2.8.10\jackson-datatype-jsr310-2.8.10.jar;C:\Users\小圷 孝卓\.m2\repository\org\slf4j\jcl-over-slf4j\1.7.25\jcl-over-slf4j-1.7.25.jar;C:\Users\小圷 孝卓\.m2\repository\org\slf4j\slf4j-api\1.7.25\slf4j-api-1.7.25.jar;C:\Users\小圷 孝卓\.m2\repository\org\lazyluke\log4jdbc-remix\0.2.7\log4jdbc-remix-0.2.7.jar;C:\Users\小圷 孝卓\.m2\repository\org\springframework\spring-aop\4.3.14.RELEASE\spring-aop-4.3.14.RELEASE.jar;C:\Users\小圷 孝卓\.m2\repository\org\springframework\spring-beans\4.3.14.RELEASE\spring-beans-4.3.14.RELEASE.jar;C:\Users\小圷 孝卓\.m2\repository\org\springframework\spring-aspects\4.3.14.RELEASE\spring-aspects-4.3.14.RELEASE.jar;C:\Users\小圷 孝卓\.m2\repository\org\springframework\spring-context\4.3.14.RELEASE\spring-context-4.3.14.RELEASE.jar;C:\Users\小圷 孝卓\.m2\repository\org\springframework\spring-expression\4.3.14.RELEASE\spring-expression-4.3.14.RELEASE.jar;C:\Users\小圷 孝卓\.m2\repository\javax\inject\javax.inject\1\javax.inject-1.jar;C:\Users\小圷 孝卓\.m2\repository\org\terasoluna\gfw\terasoluna-gfw-jodatime\5.4.1.RELEASE\terasoluna-gfw-jodatime-5.4.1.RELEASE.jar;C:\Users\小圷 孝卓\.m2\repository\com\fasterxml\jackson\datatype\jackson-datatype-joda\2.8.10\jackson-datatype-joda-2.8.10.jar;C:\Users\小圷 孝卓\.m2\repository\joda-time\joda-time\2.9.9\joda-time-2.9.9.jar;C:\Users\小圷 孝卓\.m2\repository\joda-time\joda-time-jsptags\1.1.1\joda-time-jsptags-1.1.1.jar;C:\Users\小圷 孝卓\.m2\repository\org\springframework\security\spring-security-config\4.2.4.RELEASE\spring-security-config-4.2.4.RELEASE.jar;C:\Users\小圷 孝卓\.m2\repository\aopalliance\aopalliance\1.0\aopalliance-1.0.jar;C:\Users\小圷 孝卓\.m2\repository\org\springframework\security\spring-security-core\4.2.4.RELEASE\spring-security-core-4.2.4.RELEASE.jar;C:\Users\小圷 孝卓\.m2\repository\org\mybatis\mybatis\3.4.5\mybatis-3.4.5.jar;C:\Users\小圷 孝卓\.m2\repository\org\mybatis\mybatis-spring\1.3.1\mybatis-spring-1.3.1.jar;C:\Users\小圷 孝卓\.m2\repository\commons-beanutils\commons-beanutils\1.9.3\commons-beanutils-1.9.3.jar;C:\Users\小圷 孝卓\.m2\repository\commons-collections\commons-collections\3.2.2\commons-collections-3.2.2.jar;C:\Users\小圷 孝卓\.m2\repository\commons-io\commons-io\2.5\commons-io-2.5.jar;C:\Users\小圷 孝卓\.m2\repository\org\apache\commons\commons-dbcp2\2.1.1\commons-dbcp2-2.1.1.jar;C:\Users\小圷 孝卓\.m2\repository\org\apache\commons\commons-pool2\2.4.2\commons-pool2-2.4.2.jar;C:\Users\小圷 孝卓\.m2\repository\org\apache\commons\commons-lang3\3.5\commons-lang3-3.5.jar;C:\Users\小圷 孝卓\.m2\repository\net\sf\dozer\dozer\5.5.1\dozer-5.5.1.jar;C:\Users\小圷 孝卓\.m2\repository\net\sf\dozer\dozer-spring\5.5.1\dozer-spring-5.5.1.jar;C:\Users\小圷 孝卓\.m2\repository\org\springframework\spring-test\4.3.14.RELEASE\spring-test-4.3.14.RELEASE.jar;C:\Users\小圷 孝卓\.m2\repository\org\springframework\spring-core\4.3.14.RELEASE\spring-core-4.3.14.RELEASE.jar;C:\Users\小圷 孝卓\.m2\repository\commons-logging\commons-logging\1.2\commons-logging-1.2.jar;C:\Users\小圷 孝卓\.m2\repository\junit\junit\4.12\junit-4.12.jar;C:\Users\小圷 孝卓\.m2\repository\org\hamcrest\hamcrest-core\1.3\hamcrest-core-1.3.jar;C:\Users\小圷 孝卓\.m2\repository\org\seleniumhq\selenium\selenium-java\2.53.1\selenium-java-2.53.1.jar;C:\Users\小圷 孝卓\.m2\repository\org\seleniumhq\selenium\selenium-chrome-driver\2.53.1\selenium-chrome-driver-2.53.1.jar;C:\Users\小圷 孝卓\.m2\repository\org\seleniumhq\selenium\selenium-remote-driver\2.53.1\selenium-remote-driver-2.53.1.jar;C:\Users\小圷 孝卓\.m2\repository\cglib\cglib-nodep\2.1_3\cglib-nodep-2.1_3.jar;C:\Users\小圷 孝卓\.m2\repository\com\google\code\gson\gson\2.8.1\gson-2.8.1.jar;C:\Users\小圷 孝卓\.m2\repository\org\seleniumhq\selenium\selenium-api\2.53.1\selenium-api-2.53.1.jar;C:\Users\小圷 孝卓\.m2\repository\org\apache\httpcomponents\httpclient\4.5.3\httpclient-4.5.3.jar;C:\Users\小圷 孝卓\.m2\repository\org\apache\httpcomponents\httpcore\4.4.6\httpcore-4.4.6.jar;C:\Users\小圷 孝卓\.m2\repository\org\seleniumhq\selenium\selenium-edge-driver\2.53.1\selenium-edge-driver-2.53.1.jar;C:\Users\小圷 孝卓\.m2\repository\org\apache\commons\commons-exec\1.3\commons-exec-1.3.jar;C:\Users\小圷 孝卓\.m2\repository\org\seleniumhq\selenium\htmlunit-driver\2.21\htmlunit-driver-2.21.jar;C:\Users\小圷 孝卓\.m2\repository\net\sourceforge\htmlunit\htmlunit\2.21\htmlunit-2.21.jar;C:\Users\小圷 孝卓\.m2\repository\xalan\xalan\2.7.2\xalan-2.7.2.jar;C:\Users\小圷 孝卓\.m2\repository\xalan\serializer\2.7.2\serializer-2.7.2.jar;C:\Users\小圷 孝卓\.m2\repository\org\apache\httpcomponents\httpmime\4.5.3\httpmime-4.5.3.jar;C:\Users\小圷 孝卓\.m2\repository\commons-codec\commons-codec\1.10\commons-codec-1.10.jar;C:\Users\小圷 孝卓\.m2\repository\net\sourceforge\htmlunit\htmlunit-core-js\2.17\htmlunit-core-js-2.17.jar;C:\Users\小圷 孝卓\.m2\repository\net\sourceforge\htmlunit\neko-htmlunit\2.21\neko-htmlunit-2.21.jar;C:\Users\小圷 孝卓\.m2\repository\xerces\xercesImpl\2.11.0\xercesImpl-2.11.0.jar;C:\Users\小圷 孝卓\.m2\repository\xml-apis\xml-apis\1.4.01\xml-apis-1.4.01.jar;C:\Users\小圷 孝卓\.m2\repository\net\sourceforge\cssparser\cssparser\0.9.18\cssparser-0.9.18.jar;C:\Users\小圷 孝卓\.m2\repository\org\w3c\css\sac\1.3\sac-1.3.jar;C:\Users\小圷 孝卓\.m2\repository\org\eclipse\jetty\websocket\websocket-client\9.4.6.v20170531\websocket-client-9.4.6.v20170531.jar;C:\Users\小圷 孝卓\.m2\repository\org\eclipse\jetty\jetty-util\9.4.6.v20170531\jetty-util-9.4.6.v20170531.jar;C:\Users\小圷 孝卓\.m2\repository\org\eclipse\jetty\jetty-io\9.4.6.v20170531\jetty-io-9.4.6.v20170531.jar;C:\Users\小圷 孝卓\.m2\repository\org\eclipse\jetty\jetty-client\9.4.6.v20170531\jetty-client-9.4.6.v20170531.jar;C:\Users\小圷 孝卓\.m2\repository\org\eclipse\jetty\jetty-http\9.4.6.v20170531\jetty-http-9.4.6.v20170531.jar;C:\Users\小圷 孝卓\.m2\repository\org\eclipse\jetty\websocket\websocket-common\9.4.6.v20170531\websocket-common-9.4.6.v20170531.jar;C:\Users\小圷 孝卓\.m2\repository\org\eclipse\jetty\websocket\websocket-api\9.4.6.v20170531\websocket-api-9.4.6.v20170531.jar;C:\Users\小圷 孝卓\.m2\repository\org\seleniumhq\selenium\selenium-firefox-driver\2.53.1\selenium-firefox-driver-2.53.1.jar;C:\Users\小圷 孝卓\.m2\repository\org\seleniumhq\selenium\selenium-ie-driver\2.53.1\selenium-ie-driver-2.53.1.jar;C:\Users\小圷 孝卓\.m2\repository\net\java\dev\jna\jna\4.2.2\jna-4.2.2.jar;C:\Users\小圷 孝卓\.m2\repository\net\java\dev\jna\jna-platform\4.1.0\jna-platform-4.1.0.jar;C:\Users\小圷 孝卓\.m2\repository\org\seleniumhq\selenium\selenium-safari-driver\2.53.1\selenium-safari-driver-2.53.1.jar;C:\Users\小圷 孝卓\.m2\repository\io\netty\netty\3.5.7.Final\netty-3.5.7.Final.jar;C:\Users\小圷 孝卓\.m2\repository\org\seleniumhq\selenium\selenium-support\2.53.1\selenium-support-2.53.1.jar;C:\Users\小圷 孝卓\.m2\repository\org\seleniumhq\selenium\selenium-leg-rc\2.53.1\selenium-leg-rc-2.53.1.jar;, sun.cpu.endian=little, user.home=C:\Users\小圷 孝卓, user.language=ja, java.specification.vendor=Oracle Corporation, java.version.date=2018-04-17, java.home=C:\Program Files\Java\jdk-10.0.1, file.separator=\, basedir=C:\Users\小圷 孝卓\user-management-t5-koakutsuk\user-management-t5-koakutsuk-selenium, java.vm.compressedOopsMode=32-bit, line.separator=
, java.specification.name=Java Platform API Specification, java.vm.specification.vendor=Oracle Corporation, java.awt.graphicsenv=sun.awt.Win32GraphicsEnvironment, surefire.real.class.path=C:\Users\小圷 孝卓\user-management-t5-koakutsuk\user-management-t5-koakutsuk-selenium\target\surefire\surefirebooter14902018051442736699.jar, user.script=, sun.management.compiler=HotSpot 64-Bit Tiered Compilers, java.runtime.version=10.0.1+10, user.name=小圷 孝卓, path.separator=;, os.version=10.0, java.runtime.name=Java(TM) SE Runtime Environment, file.encoding=MS932, java.vm.name=Java HotSpot(TM) 64-Bit Server VM, java.vendor.version=18.3, localRepository=C:\Users\小圷 孝卓\.m2\repository, java.vendor.url.bug=http://bugreport.java.com/bugreport/, java.io.tmpdir=C:\Users\小圷孝~1\AppData\Local\Temp\, java.version=10.0.1, user.dir=C:\Users\小圷 孝卓\user-management-t5-koakutsuk\user-management-t5-koakutsuk-selenium, os.arch=amd64, java.vm.specification.name=Java Virtual Machine Specification, java.awt.printerjob=sun.awt.windows.WPrinterJob, sun.os.patch.level=, java.library.path=C:\Program Files\Java\jdk-10.0.1\bin;C:\WINDOWS\Sun\Java\bin;C:\WINDOWS\system32;C:\WINDOWS;C:\Program Files (x86)\Common Files\Oracle\Java\javapath;C:\Program Files (x86)\Intel\iCLS Client\;C:\Program Files\Intel\iCLS Client\;C:\WINDOWS\system32;C:\WINDOWS;C:\WINDOWS\System32\Wbem;C:\WINDOWS\System32\WindowsPowerShell\v1.0\;C:\Program Files (x86)\Intel\Intel(R) Management Engine Components\DAL;C:\Program Files\Intel\Intel(R) Management Engine Components\DAL;C:\Program Files (x86)\Intel\Intel(R) Management Engine Components\IPT;C:\Program Files\Intel\Intel(R) Management Engine Components\IPT;C:\WINDOWS\System32\OpenSSH\;C:\Program Files\Java\jdk-10.0.1;C:\apache-maven-3.5.4\bin;C:\Program Files\Git\cmd;C:\Program Files\TortoiseGit\bin;C:\Users\小圷 孝卓\AppData\Local\Microsoft\WindowsApps;;., java.vendor=Oracle Corporation, java.vm.info=mixed mode, java.vm.version=10.0.1+10, sun.io.unicode.encoding=UnicodeLittle, java.class.version=54.0}}, SystemEnvironmentPropertySource@806511723 {name='systemEnvironment', properties={PATH=C:\Program Files (x86)\Common Files\Oracle\Java\javapath;C:\Program Files (x86)\Intel\iCLS Client\;C:\Program Files\Intel\iCLS Client\;C:\WINDOWS\system32;C:\WINDOWS;C:\WINDOWS\System32\Wbem;C:\WINDOWS\System32\WindowsPowerShell\v1.0\;C:\Program Files (x86)\Intel\Intel(R) Management Engine Components\DAL;C:\Program Files\Intel\Intel(R) Management Engine Components\DAL;C:\Program Files (x86)\Intel\Intel(R) Management Engine Components\IPT;C:\Program Files\Intel\Intel(R) Management Engine Components\IPT;C:\WINDOWS\System32\OpenSSH\;C:\Program Files\Java\jdk-10.0.1;C:\apache-maven-3.5.4\bin;C:\Program Files\Git\cmd;C:\Program Files\TortoiseGit\bin;C:\Users\小圷 孝卓\AppData\Local\Microsoft\WindowsApps;, USERDOMAIN_ROAMINGPROFILE=DESKTOP-0VF3QEQ, PROCESSOR_LEVEL=6, SYSTEMDRIVE=C:, SESSIONNAME=Console, ALLUSERSPROFILE=C:\ProgramData, PROCESSOR_ARCHITECTURE=AMD64, DRIVERDATA=C:\Windows\System32\Drivers\DriverData, MAVEN_HOME=C:\apache-maven-3.5.4\bin\.., PROGRAMFILES=C:\Program Files, PSMODULEPATH=C:\Program Files\WindowsPowerShell\Modules;C:\WINDOWS\system32\WindowsPowerShell\v1.0\Modules, PROGRAMDATA=C:\ProgramData, USERNAME=小圷 孝卓, WDIR=C:\, FPS_BROWSER_USER_PROFILE_STRING=Default, ONEDRIVE=C:\Users\小圷 孝卓\OneDrive, PATHEXT=.COM;.EXE;.BAT;.CMD;.VBS;.VBE;.JS;.JSE;.WSF;.WSH;.MSC, CLASSWORLDS_JAR="C:\apache-maven-3.5.4\bin\..\boot\plexus-classworlds-2.5.2.jar", WINDIR=C:\WINDOWS, HOMEPATH=\Users\小圷 孝卓, PROCESSOR_IDENTIFIER=Intel64 Family 6 Model 158 Stepping 9, GenuineIntel, PUBLIC=C:\Users\Public, =::=::\, LOCALAPPDATA=C:\Users\小圷 孝卓\AppData\Local, COMMONPROGRAMFILES(X86)=C:\Program Files (x86)\Common Files, USERDOMAIN=DESKTOP-0VF3QEQ, FPS_BROWSER_APP_PROFILE_STRING=Internet Explorer, LOGONSERVER=\\DESKTOP-0VF3QEQ, JAVA_HOME=C:\Program Files\Java\jdk-10.0.1, PROMPT=$P$G, PROGRAMFILES(X86)=C:\Program Files (x86), ASL.LOG=Destination=file, ERROR_CODE=0, EXEC_DIR=C:\Users\小圷 孝卓\user-management-t5-koakutsuk, =C:=C:\Users\小圷 孝卓\user-management-t5-koakutsuk\user-management-t5-koakutsuk-selenium, APPDATA=C:\Users\小圷 孝卓\AppData\Roaming, PROGRAMW6432=C:\Program Files, SYSTEMROOT=C:\WINDOWS, MAVEN_CMD_LINE_ARGS=clean install, OS=Windows_NT, COMMONPROGRAMW6432=C:\Program Files\Common Files, COMPUTERNAME=DESKTOP-0VF3QEQ, COMMONPROGRAMFILES=C:\Program Files\Common Files, COMSPEC=C:\WINDOWS\system32\cmd.exe, JAVACMD=C:\Program Files\Java\jdk-10.0.1\bin\java.exe, MAVEN_PROJECTBASEDIR=C:\Users\小圷 孝卓\user-management-t5-koakutsuk, PROCESSOR_REVISION=9e09, CLASSWORLDS_LAUNCHER=org.codehaus.plexus.classworlds.launcher.Launcher, TEMP=C:\Users\小圷孝~1\AppData\Local\Temp, HOMEDRIVE=C:, USERPROFILE=C:\Users\小圷 孝卓, TMP=C:\Users\小圷孝~1\AppData\Local\Temp, NUMBER_OF_PROCESSORS=8, JVMCONFIG=\.mvn\jvm.config}}]
03:32:43.635 [main] INFO org.springframework.beans.factory.xml.XmlBeanDefinitionReader - Loading XML bean definitions from class path resource [META-INF/spring/seleniumContext.xml]
03:32:43.753 [main] DEBUG org.springframework.beans.factory.xml.DefaultDocumentLoader - Using JAXP provider [org.apache.xerces.jaxp.DocumentBuilderFactoryImpl]
03:32:43.847 [main] DEBUG org.springframework.beans.factory.xml.PluggableSchemaResolver - Loading schema mappings from [META-INF/spring.schemas]
03:32:43.847 [main] DEBUG org.springframework.beans.factory.xml.PluggableSchemaResolver - Loaded schema mappings: {http://www.springframework.org/schema/context/spring-context-3.2.xsd=org/springframework/context/config/spring-context-3.2.xsd, http://www.springframework.org/schema/cache/spring-cache-4.3.xsd=org/springframework/cache/config/spring-cache-4.3.xsd, http://www.springframework.org/schema/beans/spring-beans-4.0.xsd=org/springframework/beans/factory/xml/spring-beans-4.0.xsd, http://www.springframework.org/schema/tx/spring-tx-2.5.xsd=org/springframework/transaction/config/spring-tx-2.5.xsd, http://www.springframework.org/schema/context/spring-context-2.5.xsd=org/springframework/context/config/spring-context-2.5.xsd, http://www.springframework.org/schema/tx/spring-tx-3.2.xsd=org/springframework/transaction/config/spring-tx-3.2.xsd, http://www.springframework.org/schema/tool/spring-tool-4.3.xsd=org/springframework/beans/factory/xml/spring-tool-4.3.xsd, http://www.springframework.org/schema/data/repository/spring-repository-1.11.xsd=org/springframework/data/repository/config/spring-repository-1.11.xsd, http://www.springframework.org/schema/tool/spring-tool-2.0.xsd=org/springframework/beans/factory/xml/spring-tool-2.0.xsd, http://www.springframework.org/schema/security/spring-security-2.0.2.xsd=org/springframework/security/config/spring-security-2.0.2.xsd, http://www.springframework.org/schema/util/spring-util-4.2.xsd=org/springframework/beans/factory/xml/spring-util-4.2.xsd, http://www.springframework.org/schema/tx/spring-tx-3.0.xsd=org/springframework/transaction/config/spring-tx-3.0.xsd, http://www.springframework.org/schema/beans/spring-beans-4.2.xsd=org/springframework/beans/factory/xml/spring-beans-4.2.xsd, http://www.springframework.org/schema/cache/spring-cache-4.1.xsd=org/springframework/cache/config/spring-cache-4.1.xsd, http://www.springframework.org/schema/lang/spring-lang-3.0.xsd=org/springframework/scripting/config/spring-lang-3.0.xsd, http://www.springframework.org/schema/security/spring-security-2.0.xsd=org/springframework/security/config/spring-security-2.0.xsd, http://www.springframework.org/schema/tool/spring-tool-4.1.xsd=org/springframework/beans/factory/xml/spring-tool-4.1.xsd, http://www.springframework.org/schema/task/spring-task-4.3.xsd=org/springframework/scheduling/config/spring-task-4.3.xsd, http://www.springframework.org/schema/data/repository/spring-repository-1.8.xsd=org/springframework/data/repository/config/spring-repository-1.8.xsd, http://www.springframework.org/schema/util/spring-util-4.0.xsd=org/springframework/beans/factory/xml/spring-util-4.0.xsd, http://www.springframework.org/schema/data/repository/spring-repository.xsd=org/springframework/data/repository/config/spring-repository-1.11.xsd, http://www.springframework.org/schema/jdbc/spring-jdbc-4.2.xsd=org/springframework/jdbc/config/spring-jdbc-4.2.xsd, http://www.springframework.org/schema/jdbc/spring-jdbc.xsd=org/springframework/jdbc/config/spring-jdbc-4.3.xsd, http://www.springframework.org/schema/lang/spring-lang.xsd=org/springframework/scripting/config/spring-lang-4.3.xsd, http://www.springframework.org/schema/security/spring-security-3.0.3.xsd=org/springframework/security/config/spring-security-3.0.3.xsd, http://www.springframework.org/schema/aop/spring-aop-4.2.xsd=org/springframework/aop/config/spring-aop-4.2.xsd, http://www.springframework.org/schema/context/spring-context-4.1.xsd=org/springframework/context/config/spring-context-4.1.xsd, http://dozer.sourceforge.net/schema/dozer-spring.xsd=dozer-spring.xsd, http://www.springframework.org/schema/jee/spring-jee-4.2.xsd=org/springframework/ejb/config/spring-jee-4.2.xsd, http://www.springframework.org/schema/tool/spring-tool-3.1.xsd=org/springframework/beans/factory/xml/spring-tool-3.1.xsd, http://www.springframework.org/schema/jdbc/spring-jdbc-3.1.xsd=org/springframework/jdbc/config/spring-jdbc-3.1.xsd, http://www.springframework.org/schema/jee/spring-jee-4.1.xsd=org/springframework/ejb/config/spring-jee-4.1.xsd, http://www.springframework.org/schema/aop/spring-aop-4.1.xsd=org/springframework/aop/config/spring-aop-4.1.xsd, http://www.springframework.org/schema/util/spring-util.xsd=org/springframework/beans/factory/xml/spring-util-4.3.xsd, http://www.springframework.org/schema/lang/spring-lang-4.1.xsd=org/springframework/scripting/config/spring-lang-4.1.xsd, http://www.springframework.org/schema/security/spring-security-4.0.xsd=org/springframework/security/config/spring-security-4.0.xsd, http://www.springframework.org/schema/context/spring-context-4.3.xsd=org/springframework/context/config/spring-context-4.3.xsd, http://www.springframework.org/schema/lang/spring-lang-2.5.xsd=org/springframework/scripting/config/spring-lang-2.5.xsd, http://www.springframework.org/schema/jee/spring-jee.xsd=org/springframework/ejb/config/spring-jee-4.3.xsd, http://www.springframework.org/schema/util/spring-util-3.1.xsd=org/springframework/beans/factory/xml/spring-util-3.1.xsd, http://www.springframework.org/schema/security/spring-security.xsd=org/springframework/security/config/spring-security-4.2.xsd, http://www.springframework.org/schema/jee/spring-jee-2.5.xsd=org/springframework/ejb/config/spring-jee-2.5.xsd, http://www.springframework.org/schema/aop/spring-aop-2.5.xsd=org/springframework/aop/config/spring-aop-2.5.xsd, http://www.springframework.org/schema/task/spring-task-4.0.xsd=org/springframework/scheduling/config/spring-task-4.0.xsd, http://www.springframework.org/schema/data/repository/spring-repository-1.5.xsd=org/springframework/data/repository/config/spring-repository-1.5.xsd, http://www.springframework.org/schema/cache/spring-cache-3.1.xsd=org/springframework/cache/config/spring-cache-3.1.xsd, http://www.springframework.org/schema/tool/spring-tool-2.5.xsd=org/springframework/beans/factory/xml/spring-tool-2.5.xsd, http://www.springframework.org/schema/task/spring-task-3.2.xsd=org/springframework/scheduling/config/spring-task-3.2.xsd, http://www.springframework.org/schema/tx/spring-tx-4.2.xsd=org/springframework/transaction/config/spring-tx-4.2.xsd, http://www.springframework.org/schema/aop/spring-aop-3.1.xsd=org/springframework/aop/config/spring-aop-3.1.xsd, http://www.springframework.org/schema/jee/spring-jee-3.1.xsd=org/springframework/ejb/config/spring-jee-3.1.xsd, http://www.springframework.org/schema/lang/spring-lang-4.3.xsd=org/springframework/scripting/config/spring-lang-4.3.xsd, http://www.springframework.org/schema/beans/spring-beans-3.1.xsd=org/springframework/beans/factory/xml/spring-beans-3.1.xsd, http://www.springframework.org/schema/security/spring-security-3.2.xsd=org/springframework/security/config/spring-security-3.2.xsd, http://www.springframework.org/schema/security/spring-security-3.0.xsd=org/springframework/security/config/spring-security-3.0.xsd, http://www.springframework.org/schema/tx/spring-tx.xsd=org/springframework/transaction/config/spring-tx-4.3.xsd, http://www.springframework.org/schema/lang/spring-lang-2.0.xsd=org/springframework/scripting/config/spring-lang-2.0.xsd, http://www.springframework.org/schema/task/spring-task-3.0.xsd=org/springframework/scheduling/config/spring-task-3.0.xsd, http://www.springframework.org/schema/tx/spring-tx-4.0.xsd=org/springframework/transaction/config/spring-tx-4.0.xsd, http://www.springframework.org/schema/context/spring-context-3.0.xsd=org/springframework/context/config/spring-context-3.0.xsd, http://www.springframework.org/schema/cache/spring-cache.xsd=org/springframework/cache/config/spring-cache-4.3.xsd, http://www.springframework.org/schema/security/spring-security-2.0.4.xsd=org/springframework/security/config/spring-security-2.0.4.xsd, http://www.springframework.org/schema/data/repository/spring-repository-1.0.xsd=org/springframework/data/repository/config/spring-repository-1.0.xsd, http://www.springframework.org/schema/util/spring-util-4.3.xsd=org/springframework/beans/factory/xml/spring-util-4.3.xsd, http://www.springframework.org/schema/context/spring-context-4.0.xsd=org/springframework/context/config/spring-context-4.0.xsd, http://www.springframework.org/schema/jdbc/spring-jdbc-4.3.xsd=org/springframework/jdbc/config/spring-jdbc-4.3.xsd, http://www.springframework.org/schema/aop/spring-aop-2.0.xsd=org/springframework/aop/config/spring-aop-2.0.xsd, http://www.springframework.org/schema/jee/spring-jee-2.0.xsd=org/springframework/ejb/config/spring-jee-2.0.xsd, http://www.springframework.org/schema/util/spring-util-2.0.xsd=org/springframework/beans/factory/xml/spring-util-2.0.xsd, http://www.springframework.org/schema/cache/spring-cache-4.2.xsd=org/springframework/cache/config/spring-cache-4.2.xsd, http://www.springframework.org/schema/tx/spring-tx-3.1.xsd=org/springframework/transaction/config/spring-tx-3.1.xsd, http://www.springframework.org/schema/context/spring-context-3.1.xsd=org/springframework/context/config/spring-context-3.1.xsd, http://www.springframework.org/schema/tool/spring-tool.xsd=org/springframework/beans/factory/xml/spring-tool-4.3.xsd, http://www.springframework.org/schema/beans/spring-beans-3.2.xsd=org/springframework/beans/factory/xml/spring-beans-3.2.xsd, http://www.springframework.org/schema/beans/spring-beans-2.5.xsd=org/springframework/beans/factory/xml/spring-beans-2.5.xsd, http://mybatis.org/schema/mybatis-spring.xsd=org/mybatis/spring/config/mybatis-spring-1.2.xsd, http://www.springframework.org/schema/jdbc/spring-jdbc-4.1.xsd=org/springframework/jdbc/config/spring-jdbc-4.1.xsd, http://www.springframework.org/schema/beans/spring-beans.xsd=org/springframework/beans/factory/xml/spring-beans-4.3.xsd, http://www.springframework.org/schema/tool/spring-tool-4.0.xsd=org/springframework/beans/factory/xml/spring-tool-4.0.xsd, http://www.springframework.org/schema/util/spring-util-4.1.xsd=org/springframework/beans/factory/xml/spring-util-4.1.xsd, http://mybatis.org/schema/mybatis-spring-1.2.xsd=org/mybatis/spring/config/mybatis-spring-1.2.xsd, http://www.springframework.org/schema/context/spring-context-4.2.xsd=org/springframework/context/config/spring-context-4.2.xsd, http://www.springframework.org/schema/jee/spring-jee-4.3.xsd=org/springframework/ejb/config/spring-jee-4.3.xsd, http://www.springframework.org/schema/aop/spring-aop-4.3.xsd=org/springframework/aop/config/spring-aop-4.3.xsd, http://www.springframework.org/schema/beans/spring-beans-4.3.xsd=org/springframework/beans/factory/xml/spring-beans-4.3.xsd, http://www.springframework.org/schema/security/spring-security-2.0.1.xsd=org/springframework/security/config/spring-security-2.0.1.xsd, http://www.springframework.org/schema/beans/spring-beans-4.1.xsd=org/springframework/beans/factory/xml/spring-beans-4.1.xsd, http://www.springframework.org/schema/cache/spring-cache-4.0.xsd=org/springframework/cache/config/spring-cache-4.0.xsd, http://www.springframework.org/schema/security/spring-security-4.2.xsd=org/springframework/security/config/spring-security-4.2.xsd, http://www.springframework.org/schema/util/spring-util-2.5.xsd=org/springframework/beans/factory/xml/spring-util-2.5.xsd, http://www.springframework.org/schema/tool/spring-tool-4.2.xsd=org/springframework/beans/factory/xml/spring-tool-4.2.xsd, http://www.springframework.org/schema/lang/spring-lang-3.1.xsd=org/springframework/scripting/config/spring-lang-3.1.xsd, http://www.springframework.org/schema/task/spring-task.xsd=org/springframework/scheduling/config/spring-task-4.3.xsd, http://www.springframework.org/schema/task/spring-task-4.2.xsd=org/springframework/scheduling/config/spring-task-4.2.xsd, http://www.springframework.org/schema/data/repository/spring-repository-1.7.xsd=org/springframework/data/repository/config/spring-repository-1.7.xsd, http://www.springframework.org/schema/aop/spring-aop.xsd=org/springframework/aop/config/spring-aop-4.3.xsd, http://www.springframework.org/schema/lang/spring-lang-4.0.xsd=org/springframework/scripting/config/spring-lang-4.0.xsd, http://www.springframework.org/schema/security/spring-security-4.1.xsd=org/springframework/security/config/spring-security-4.1.xsd, http://www.springframework.org/schema/beans/spring-beans-2.0.xsd=org/springframework/beans/factory/xml/spring-beans-2.0.xsd, http://www.springframework.org/schema/task/spring-task-4.1.xsd=org/springframework/scheduling/config/spring-task-4.1.xsd, http://www.springframework.org/schema/data/repository/spring-repository-1.6.xsd=org/springframework/data/repository/config/spring-repository-1.6.xsd, http://www.springframework.org/schema/util/spring-util-3.2.xsd=org/springframework/beans/factory/xml/spring-util-3.2.xsd, http://www.springframework.org/schema/tx/spring-tx-2.0.xsd=org/springframework/transaction/config/spring-tx-2.0.xsd, http://www.springframework.org/schema/lang/spring-lang-3.2.xsd=org/springframework/scripting/config/spring-lang-3.2.xsd, http://www.springframework.org/schema/cache/spring-cache-3.2.xsd=org/springframework/cache/config/spring-cache-3.2.xsd, http://www.springframework.org/schema/tx/spring-tx-4.3.xsd=org/springframework/transaction/config/spring-tx-4.3.xsd, http://www.springframework.org/schema/data/repository/spring-repository-1.4.xsd=org/springframework/data/repository/config/spring-repository-1.4.xsd, http://www.springframework.org/schema/util/spring-util-3.0.xsd=org/springframework/beans/factory/xml/spring-util-3.0.xsd, http://www.springframework.org/schema/jee/spring-jee-3.2.xsd=org/springframework/ejb/config/spring-jee-3.2.xsd, http://www.springframework.org/schema/tool/spring-tool-3.2.xsd=org/springframework/beans/factory/xml/spring-tool-3.2.xsd, http://www.springframework.org/schema/aop/spring-aop-3.2.xsd=org/springframework/aop/config/spring-aop
[...]
	at org.springframework.beans.factory.support.SimpleInstantiationStrategy.instantiate(SimpleInstantiationStrategy.java:89)
	at org.springframework.beans.factory.support.AbstractAutowireCapableBeanFactory.instantiateBean(AbstractAutowireCapableBeanFactory.java:1147)
	... 38 common frames omitted
Caused by: org.openqa.selenium.WebDriverException: Failed to connect to binary FirefoxBinary(C:\Program Files\Mozilla Firefox\firefox.exe) on port 7055; process output follows: 
earch@mozilla.com version 0.9.7
1532716366140	addons.xpi	DEBUG	Registering manifest for C:\Program Files\Mozilla Firefox\browser\features\formautofill@mozilla.org.xpi
1532716366140	addons.xpi	DEBUG	Calling bootstrap method startup on formautofill@mozilla.org version 1.0
1532716366141	addons.xpi	DEBUG	Registering manifest for C:\Program Files\Mozilla Firefox\browser\features\onboarding@mozilla.org.xpi
1532716366141	addons.xpi	DEBUG	Calling bootstrap method startup on onboarding@mozilla.org version 1.0
1532716366141	addons.xpi	DEBUG	Registering manifest for C:\Program Files\Mozilla Firefox\browser\features\screenshots@mozilla.org.xpi
1532716366142	addons.xpi	DEBUG	Calling bootstrap method startup on screenshots@mozilla.org version 32.1.0
1532716366142	addons.xpi	DEBUG	Registering manifest for C:\Program Files\Mozilla Firefox\browser\features\webcompat-reporter@mozilla.org.xpi
1532716366142	addons.xpi	DEBUG	Calling bootstrap method startup on webcompat-reporter@mozilla.org version 1.0.0
1532716366142	addons.xpi	DEBUG	Registering manifest for C:\Program Files\Mozilla Firefox\browser\features\webcompat@mozilla.org.xpi
1532716366143	addons.xpi	DEBUG	Calling bootstrap method startup on webcompat@mozilla.org version 2.0
1532716366146	addons.manager	DEBUG	Registering shutdown blocker for XPIProvider
1532716366146	addons.manager	DEBUG	Provider finished startup: XPIProvider
1532716366146	addons.manager	DEBUG	Starting provider: LightweightThemeManager
1532716366146	addons.manager	DEBUG	Registering shutdown blocker for LightweightThemeManager
1532716366147	addons.manager	DEBUG	Provider finished startup: LightweightThemeManager
1532716366147	addons.manager	DEBUG	Starting provider: GMPProvider
1532716366150	addons.manager	DEBUG	Registering shutdown blocker for GMPProvider
1532716366150	addons.manager	DEBUG	Provider finished startup: GMPProvider
1532716366150	addons.manager	DEBUG	Starting provider: PluginProvider
1532716366150	addons.manager	DEBUG	Registering shutdown blocker for PluginProvider
1532716366151	addons.manager	DEBUG	Provider finished startup: PluginProvider
1532716366151	addons.manager	DEBUG	Completed startup sequence
Unable to read VR Path Registry from C:\Users\蟆丞惺 蟄晏酷\AppData\Local\openvr\openvrpaths.vrpath
1532716366763	addons.repository	DEBUG	No addons.json found.
Unable to read VR Path Registry from C:\Users\蟆丞惺 蟄晏酷\AppData\Local\openvr\openvrpaths.vrpath
Unable to read VR Path Registry from C:\Users\蟆丞惺 蟄晏酷\AppData\Local\openvr\openvrpaths.vrpathUnable to read VR Path Registry from 
C:\Users\蟆丞惺 蟄晏酷\AppData\Local\openvr\openvrpaths.vrpath
Unable to read VR Path Registry from C:\Users\蟆丞惺 蟄晏酷\AppData\Local\openvr\openvrpaths.vrpath
1532716367461	addons.xpi	DEBUG	Ignoring file entry whose name is not a valid add-on ID: C:\Users\蟆丞惺 蟄晏酷\AppData\Local\Temp\anonymous11857036217782974017webdriver-profile\extensions\webdriver-staging
1532716367461	addons.xpi	DEBUG	Existing add-on activity-stream@mozilla.org in app-system-defaults
1532716367461	addons.xpi	DEBUG	Existing add-on aushelper@mozilla.org in app-system-defaults
1532716367461	addons.xpi	DEBUG	Existing add-on firefox@getpocket.com in app-system-defaults
1532716367462	addons.xpi	DEBUG	Existing add-on followonsearch@mozilla.com in app-system-defaults
1532716367462	addons.xpi	DEBUG	Existing add-on formautofill@mozilla.org in app-system-defaults
1532716367462	addons.xpi	DEBUG	Existing add-on onboarding@mozilla.org in app-system-defaults
1532716367462	addons.xpi	DEBUG	Existing add-on screenshots@mozilla.org in app-system-defaults
1532716367462	addons.xpi	DEBUG	Existing add-on webcompat-reporter@mozilla.org in app-system-defaults
1532716367462	addons.xpi	DEBUG	Existing add-on webcompat@mozilla.org in app-system-defaults
1532716367463	addons.xpi	DEBUG	Existing add-on {4ED1F68A-5463-4931-9384-8FFF5ED91D92} in winreg-app-global
1532716367463	addons.xpi	DEBUG	getInstallState changed: false, state: {}
JavaScript error: resource://gre/modules/addons/XPIProvider.jsm, line 2189: TypeError: addon is null

Build info: version: '2.53.1', revision: 'a36b8b1cd5757287168e54b817830adce9b0158d', time: '2016-06-30 19:26:09'
System info: host: 'DESKTOP-0VF3QEQ', ip: '192.168.11.3', os.name: 'Windows 10', os.arch: 'amd64', os.version: '10.0', java.version: '10.0.1'
Driver info: driver.version: FirefoxDriver
	at org.openqa.selenium.firefox.internal.NewProfileExtensionConnection.start(NewProfileExtensionConnection.java:125)
	at org.openqa.selenium.firefox.FirefoxDriver.startClient(FirefoxDriver.java:271)
	at org.openqa.selenium.remote.RemoteWebDriver.<init>(RemoteWebDriver.java:119)
	at org.openqa.selenium.firefox.FirefoxDriver.<init>(FirefoxDriver.java:216)
	at org.openqa.selenium.firefox.FirefoxDriver.<init>(FirefoxDriver.java:211)
	at org.openqa.selenium.firefox.FirefoxDriver.<init>(FirefoxDriver.java:207)
	at org.openqa.selenium.firefox.FirefoxDriver.<init>(FirefoxDriver.java:120)
	at java.base/jdk.internal.reflect.NativeConstructorAccessorImpl.newInstance0(Native Method)
	at java.base/jdk.internal.reflect.NativeConstructorAccessorImpl.newInstance(NativeConstructorAccessorImpl.java:62)
	at java.base/jdk.internal.reflect.DelegatingConstructorAccessorImpl.newInstance(DelegatingConstructorAccessorImpl.java:45)
	at java.base/java.lang.reflect.Constructor.newInstance(Constructor.java:488)
	at org.springframework.beans.BeanUtils.instantiateClass(BeanUtils.java:142)
	... 40 common frames omitted
Caused by: org.openqa.selenium.firefox.NotConnectedException: Unable to connect to host 127.0.0.1 on port 7055 after 45000 ms. Firefox console output:
earch@mozilla.com version 0.9.7
1532716366140	addons.xpi	DEBUG	Registering manifest for C:\Program Files\Mozilla Firefox\browser\features\formautofill@mozilla.org.xpi
1532716366140	addons.xpi	DEBUG	Calling bootstrap method startup on formautofill@mozilla.org version 1.0
1532716366141	addons.xpi	DEBUG	Registering manifest for C:\Program Files\Mozilla Firefox\browser\features\onboarding@mozilla.org.xpi
1532716366141	addons.xpi	DEBUG	Calling bootstrap method startup on onboarding@mozilla.org version 1.0
1532716366141	addons.xpi	DEBUG	Registering manifest for C:\Program Files\Mozilla Firefox\browser\features\screenshots@mozilla.org.xpi
1532716366142	addons.xpi	DEBUG	Calling bootstrap method startup on screenshots@mozilla.org version 32.1.0
1532716366142	addons.xpi	DEBUG	Registering manifest for C:\Program Files\Mozilla Firefox\browser\features\webcompat-reporter@mozilla.org.xpi
1532716366142	addons.xpi	DEBUG	Calling bootstrap method startup on webcompat-reporter@mozilla.org version 1.0.0
1532716366142	addons.xpi	DEBUG	Registering manifest for C:\Program Files\Mozilla Firefox\browser\features\webcompat@mozilla.org.xpi
1532716366143	addons.xpi	DEBUG	Calling bootstrap method startup on webcompat@mozilla.org version 2.0
1532716366146	addons.manager	DEBUG	Registering shutdown blocker for XPIProvider
1532716366146	addons.manager	DEBUG	Provider finished startup: XPIProvider
1532716366146	addons.manager	DEBUG	Starting provider: LightweightThemeManager
1532716366146	addons.manager	DEBUG	Registering shutdown blocker for LightweightThemeManager
1532716366147	addons.manager	DEBUG	Provider finished startup: LightweightThemeManager
1532716366147	addons.manager	DEBUG	Starting provider: GMPProvider
1532716366150	addons.manager	DEBUG	Registering shutdown blocker for GMPProvider
1532716366150	addons.manager	DEBUG	Provider finished startup: GMPProvider
1532716366150	addons.manager	DEBUG	Starting provider: PluginProvider
1532716366150	addons.manager	DEBUG	Registering shutdown blocker for PluginProvider
1532716366151	addons.manager	DEBUG	Provider finished startup: PluginProvider
1532716366151	addons.manager	DEBUG	Completed startup sequence
Unable to read VR Path Registry from C:\Users\蟆丞惺 蟄晏酷\AppData\Local\openvr\openvrpaths.vrpath
1532716366763	addons.repository	DEBUG	No addons.json found.
Unable to read VR Path Registry from C:\Users\蟆丞惺 蟄晏酷\AppData\Local\openvr\openvrpaths.vrpath
Unable to read VR Path Registry from C:\Users\蟆丞惺 蟄晏酷\AppData\Local\openvr\openvrpaths.vrpathUnable to read VR Path Registry from 
C:\Users\蟆丞惺 蟄晏酷\AppData\Local\openvr\openvrpaths.vrpath
Unable to read VR Path Registry from C:\Users\蟆丞惺 蟄晏酷\AppData\Local\openvr\openvrpaths.vrpath
1532716367461	addons.xpi	DEBUG	Ignoring file entry whose name is not a valid add-on ID: C:\Users\蟆丞惺 蟄晏酷\AppData\Local\Temp\anonymous11857036217782974017webdriver-profile\extensions\webdriver-staging
1532716367461	addons.xpi	DEBUG	Existing add-on activity-stream@mozilla.org in app-system-defaults
1532716367461	addons.xpi	DEBUG	Existing add-on aushelper@mozilla.org in app-system-defaults
1532716367461	addons.xpi	DEBUG	Existing add-on firefox@getpocket.com in app-system-defaults
1532716367462	addons.xpi	DEBUG	Existing add-on followonsearch@mozilla.com in app-system-defaults
1532716367462	addons.xpi	DEBUG	Existing add-on formautofill@mozilla.org in app-system-defaults
1532716367462	addons.xpi	DEBUG	Existing add-on onboarding@mozilla.org in app-system-defaults
1532716367462	addons.xpi	DEBUG	Existing add-on screenshots@mozilla.org in app-system-defaults
1532716367462	addons.xpi	DEBUG	Existing add-on webcompat-reporter@mozilla.org in app-system-defaults
1532716367462	addons.xpi	DEBUG	Existing add-on webcompat@mozilla.org in app-system-defaults
1532716367463	addons.xpi	DEBUG	Existing add-on {4ED1F68A-5463-4931-9384-8FFF5ED91D92} in winreg-app-global
1532716367463	addons.xpi	DEBUG	getInstallState changed: false, state: {}
JavaScript error: resource://gre/modules/addons/XPIProvider.jsm, line 2189: TypeError: addon is null

	at org.openqa.selenium.firefox.internal.NewProfileExtensionConnection.start(NewProfileExtensionConnection.java:113)
	... 51 common frames omitted
]]></system-out>
    <system-err><![CDATA[org.openqa.selenium.firefox.NotConnectedException: Unable to connect to host 127.0.0.1 on port 7055 after 45000 ms. Firefox console output:
earch@mozilla.com version 0.9.7
1532716366140	addons.xpi	DEBUG	Registering manifest for C:\Program Files\Mozilla Firefox\browser\features\formautofill@mozilla.org.xpi
1532716366140	addons.xpi	DEBUG	Calling bootstrap method startup on formautofill@mozilla.org version 1.0
1532716366141	addons.xpi	DEBUG	Registering manifest for C:\Program Files\Mozilla Firefox\browser\features\onboarding@mozilla.org.xpi
1532716366141	addons.xpi	DEBUG	Calling bootstrap method startup on onboarding@mozilla.org version 1.0
1532716366141	addons.xpi	DEBUG	Registering manifest for C:\Program Files\Mozilla Firefox\browser\features\screenshots@mozilla.org.xpi
1532716366142	addons.xpi	DEBUG	Calling bootstrap method startup on screenshots@mozilla.org version 32.1.0
1532716366142	addons.xpi	DEBUG	Registering manifest for C:\Program Files\Mozilla Firefox\browser\features\webcompat-reporter@mozilla.org.xpi
1532716366142	addons.xpi	DEBUG	Calling bootstrap method startup on webcompat-reporter@mozilla.org version 1.0.0
1532716366142	addons.xpi	DEBUG	Registering manifest for C:\Program Files\Mozilla Firefox\browser\features\webcompat@mozilla.org.xpi
1532716366143	addons.xpi	DEBUG	Calling bootstrap method startup on webcompat@mozilla.org version 2.0
1532716366146	addons.manager	DEBUG	Registering shutdown blocker for XPIProvider
1532716366146	addons.manager	DEBUG	Provider finished startup: XPIProvider
1532716366146	addons.manager	DEBUG	Starting provider: LightweightThemeManager
1532716366146	addons.manager	DEBUG	Registering shutdown blocker for LightweightThemeManager
1532716366147	addons.manager	DEBUG	Provider finished startup: LightweightThemeManager
1532716366147	addons.manager	DEBUG	Starting provider: GMPProvider
1532716366150	addons.manager	DEBUG	Registering shutdown blocker for GMPProvider
1532716366150	addons.manager	DEBUG	Provider finished startup: GMPProvider
1532716366150	addons.manager	DEBUG	Starting provider: PluginProvider
1532716366150	addons.manager	DEBUG	Registering shutdown blocker for PluginProvider
1532716366151	addons.manager	DEBUG	Provider finished startup: PluginProvider
1532716366151	addons.manager	DEBUG	Completed startup sequence
Unable to read VR Path Registry from C:\Users\蟆丞惺 蟄晏酷\AppData\Local\openvr\openvrpaths.vrpath
1532716366763	addons.repository	DEBUG	No addons.json found.
Unable to read VR Path Registry from C:\Users\蟆丞惺 蟄晏酷\AppData\Local\openvr\openvrpaths.vrpath
Unable to read VR Path Registry from C:\Users\蟆丞惺 蟄晏酷\AppData\Local\openvr\openvrpaths.vrpathUnable to read VR Path Registry from 
C:\Users\蟆丞惺 蟄晏酷\AppData\Local\openvr\openvrpaths.vrpath
Unable to read VR Path Registry from C:\Users\蟆丞惺 蟄晏酷\AppData\Local\openvr\openvrpaths.vrpath
1532716367461	addons.xpi	DEBUG	Ignoring file entry whose name is not a valid add-on ID: C:\Users\蟆丞惺 蟄晏酷\AppData\Local\Temp\anonymous11857036217782974017webdriver-profile\extensions\webdriver-staging
1532716367461	addons.xpi	DEBUG	Existing add-on activity-stream@mozilla.org in app-system-defaults
1532716367461	addons.xpi	DEBUG	Existing add-on aushelper@mozilla.org in app-system-defaults
1532716367461	addons.xpi	DEBUG	Existing add-on firefox@getpocket.com in app-system-defaults
1532716367462	addons.xpi	DEBUG	Existing add-on followonsearch@mozilla.com in app-system-defaults
1532716367462	addons.xpi	DEBUG	Existing add-on formautofill@mozilla.org in app-system-defaults
1532716367462	addons.xpi	DEBUG	Existing add-on onboarding@mozilla.org in app-system-defaults
1532716367462	addons.xpi	DEBUG	Existing add-on screenshots@mozilla.org in app-system-defaults
1532716367462	addons.xpi	DEBUG	Existing add-on webcompat-reporter@mozilla.org in app-system-defaults
1532716367462	addons.xpi	DEBUG	Existing add-on webcompat@mozilla.org in app-system-defaults
1532716367463	addons.xpi	DEBUG	Existing add-on {4ED1F68A-5463-4931-9384-8FFF5ED91D92} in winreg-app-global
1532716367463	addons.xpi	DEBUG	getInstallState changed: false, state: {}
JavaScript error: resource://gre/modules/addons/XPIProvider.jsm, line 2189: TypeError: addon is null

	at org.openqa.selenium.firefox.internal.NewProfileExtensionConnection.start(NewProfileExtensionConnection.java:113)
	at org.openqa.selenium.firefox.FirefoxDriver.startClient(FirefoxDriver.java:271)
	at org.openqa.selenium.remote.RemoteWebDriver.<init>(RemoteWebDriver.java:119)
	at org.openqa.selenium.firefox.FirefoxDriver.<init>(FirefoxDriver.java:216)
	at org.openqa.selenium.firefox.FirefoxDriver.<init>(FirefoxDriver.java:211)
	at org.openqa.selenium.firefox.FirefoxDriver.<init>(FirefoxDriver.java:207)
	at org.openqa.selenium.firefox.FirefoxDriver.<init>(FirefoxDriver.java:120)
	at java.base/jdk.internal.reflect.NativeConstructorAccessorImpl.newInstance0(Native Method)
	at java.base/jdk.internal.reflect.NativeConstructorAccessorImpl.newInstance(NativeConstructorAccessorImpl.java:62)
	at java.base/jdk.internal.reflect.DelegatingConstructorAccessorImpl.newInstance(DelegatingConstructorAccessorImpl.java:45)
	at java.base/java.lang.reflect.Constructor.newInstance(Constructor.java:488)
	at org.springframework.beans.BeanUtils.instantiateClass(BeanUtils.java:142)
	at org.springframework.beans.factory.support.SimpleInstantiationStrategy.instantiate(SimpleInstantiationStrategy.java:89)
	at org.springframework.beans.factory.support.AbstractAutowireCapableBeanFactory.instantiateBean(AbstractAutowireCapableBeanFactory.java:1147)
	at org.springframework.beans.factory.support.AbstractAutowireCapableBeanFactory.createBeanInstance(AbstractAutowireCapableBeanFactory.java:1099)
	at org.springframework.beans.factory.support.AbstractAutowireCapableBeanFactory.doCreateBean(AbstractAutowireCapableBeanFactory.java:513)
	at org.springframework.beans.factory.support.AbstractAutowireCapableBeanFactory.createBean(AbstractAutowireCapableBeanFactory.java:483)
	at org.springframework.beans.factory.support.AbstractBeanFactory.doGetBean(AbstractBeanFactory.java:325)
	at org.springframework.beans.factory.support.AbstractBeanFactory.getBean(AbstractBeanFactory.java:202)
	at org.springframework.beans.factory.config.DependencyDescriptor.resolveCandidate(DependencyDescriptor.java:208)
	at org.springframework.beans.factory.support.DefaultListableBeanFactory.doResolveDependency(DefaultListableBeanFactory.java:1138)
	at org.springframework.beans.factory.support.DefaultListableBeanFactory.resolveDependency(DefaultListableBeanFactory.java:1066)
	at org.springframework.beans.factory.annotation.AutowiredAnnotationBeanPostProcessor$AutowiredFieldElement.inject(AutowiredAnnotationBeanPostProcessor.java:585)
	at org.springframework.beans.factory.annotation.InjectionMetadata.inject(InjectionMetadata.java:88)
	at org.springframework.beans.factory.annotation.AutowiredAnnotationBeanPostProcessor.postProcessPropertyValues(AutowiredAnnotationBeanPostProcessor.java:366)
	at org.springframework.beans.factory.support.AbstractAutowireCapableBeanFactory.populateBean(AbstractAutowireCapableBeanFactory.java:1264)
	at org.springframework.beans.factory.support.AbstractAutowireCapableBeanFactory.autowireBeanProperties(AbstractAutowireCapableBeanFactory.java:386)
	at org.springframework.test.context.support.DependencyInjectionTestExecutionListener.injectDependencies(DependencyInjectionTestExecutionListener.java:118)
	at org.springframework.test.context.support.DependencyInjectionTestExecutionListener.prepareTestInstance(DependencyInjectionTestExecutionListener.java:83)
	at org.springframework.test.context.TestContextManager.prepareTestInstance(TestContextManager.java:230)
	at org.springframework.test.context.junit4.SpringJUnit4ClassRunner.createTest(SpringJUnit4ClassRunner.java:228)
	at org.springframework.test.context.junit4.SpringJUnit4ClassRunner$1.runReflectiveCall(SpringJUnit4ClassRunner.java:287)
	at org.junit.internal.runners.model.ReflectiveCallable.run(ReflectiveCallable.java:12)
	at org.springframework.test.context.junit4.SpringJUnit4ClassRunner.methodBlock(SpringJUnit4ClassRunner.java:289)
	at org.springframework.test.context.junit4.SpringJUnit4ClassRunner.runChild(SpringJUnit4ClassRunner.java:247)
	at org.springframework.test.context.junit4.SpringJUnit4ClassRunner.runChild(SpringJUnit4ClassRunner.java:94)
	at org.junit.runners.ParentRunner$3.run(ParentRunner.java:290)
	at org.junit.runners.ParentRunner$1.schedule(ParentRunner.java:71)
	at org.junit.runners.ParentRunner.runChildren(ParentRunner.java:288)
	at org.junit.runners.ParentRunner.access$000(ParentRunner.java:58)
	at org.junit.runners.ParentRunner$2.evaluate(ParentRunner.java:268)
	at org.springframework.test.context.junit4.statements.RunBeforeTestClassCallbacks.evaluate(RunBeforeTestClassCallbacks.java:61)
	at org.springframework.test.context.junit4.statements.RunAfterTestClassCallbacks.evaluate(RunAfterTestClassCallbacks.java:70)
	at org.junit.runners.ParentRunner.run(ParentRunner.java:363)
	at org.springframework.test.context.junit4.SpringJUnit4ClassRunner.run(SpringJUnit4ClassRunner.java:191)
	at org.apache.maven.surefire.junit4.JUnit4Provider.execute(JUnit4Provider.java:344)
	at org.apache.maven.surefire.junit4.JUnit4Provider.executeWithRerun(JUnit4Provider.java:269)
	at org.apache.maven.surefire.junit4.JUnit4Provider.executeTestSet(JUnit4Provider.java:240)
	at org.apache.maven.surefire.junit4.JUnit4Provider.invoke(JUnit4Provider.java:184)
	at org.apache.maven.surefire.booter.ForkedBooter.invokeProviderInSameClassLoader(ForkedBooter.java:286)
	at org.apache.maven.surefire.booter.ForkedBooter.runSuitesInProcess(ForkedBooter.java:240)
	at org.apache.maven.surefire.booter.ForkedBooter.main(ForkedBooter.java:121)
]]></system-err>
  </testcase>
</testsuite>